#
# A fatal error has been detected by the Java Runtime Environment:
#
#  EXCEPTION_ACCESS_VIOLATION (0xc0000005) at pc=0x00007ffbedbe8cea, pid=42832, tid=9184
#
# JRE version: OpenJDK Runtime Environment Temurin-21.0.8+9 (21.0.8+9) (build 21.0.8+9-LTS)
# Java VM: OpenJDK 64-Bit Server VM Temurin-21.0.8+9 (21.0.8+9-LTS, mixed mode, sharing, tiered, compressed oops, compressed class ptrs, parallel gc, windows-amd64)
# Problematic frame:
# V  [jvm.dll+0x818cea]
#
# No core dump will be written. Minidumps are not enabled by default on client versions of Windows
#
# If you would like to submit a bug report, please visit:
#   https://github.com/adoptium/adoptium-support/issues
#

---------------  S U M M A R Y ------------

Command Line: --add-modules=ALL-SYSTEM --add-opens=java.base/java.util=ALL-UNNAMED --add-opens=java.base/java.lang=ALL-UNNAMED --add-opens=java.base/sun.nio.fs=ALL-UNNAMED -Declipse.application=org.eclipse.jdt.ls.core.id1 -Dosgi.bundles.defaultStartLevel=4 -Declipse.product=org.eclipse.jdt.ls.core.product -Djava.import.generatesMetadataFilesAtProjectRoot=false -DDetectVMInstallationsJob.disabled=true -Dfile.encoding=utf8 -XX:+UseParallelGC -XX:GCTimeRatio=4 -XX:AdaptiveSizePolicyWeight=90 -Dsun.zip.disableMemoryMapping=true -Xmx2G -Xms100m -Xlog:disable -javaagent:c:\Users\Hamza tabani\.vscode\extensions\redhat.java-1.44.0-win32-x64\lombok\lombok-1.18.39-4050.jar -XX:+HeapDumpOnOutOfMemoryError -XX:HeapDumpPath=c:\Users\Hamza tabani\AppData\Roaming\Code\User\workspaceStorage\18da3182a8b1a0c774ff9703d0fe969d\redhat.java -Daether.dependencyCollector.impl=bf c:\Users\Hamza tabani\.vscode\extensions\redhat.java-1.44.0-win32-x64\server\plugins\org.eclipse.equinox.launcher_1.7.0.v20250519-0528.jar -configuration c:\Users\Hamza tabani\AppData\Roaming\Code\User\globalStorage\redhat.java\1.44.0\config_win -data c:\Users\Hamza tabani\AppData\Roaming\Code\User\workspaceStorage\18da3182a8b1a0c774ff9703d0fe969d\redhat.java\jdt_ws --pipe=\\.\pipe\lsp-24e7251b8f30fd9f0bbe87e620bd8893-sock

Host: Intel(R) Core(TM) i7-4790 CPU @ 3.60GHz, 8 cores, 15G,  Windows 10 , 64 bit Build 19041 (10.0.19041.5915)
Time: Tue Sep  2 00:03:07 2025 Pakistan Standard Time elapsed time: 16.975070 seconds (0d 0h 0m 16s)

---------------  T H R E A D  ---------------

Current thread (0x000002245e6571a0):  JavaThread "Java indexing" daemon [_thread_in_vm, id=9184, stack(0x0000009d38c00000,0x0000009d38d00000) (1024K)]

Stack: [0x0000009d38c00000,0x0000009d38d00000],  sp=0x0000009d38cfdba0,  free space=1014k
Native frames: (J=compiled Java code, j=interpreted, Vv=VM code, C=native code)
V  [jvm.dll+0x818cea]
V  [jvm.dll+0x818de9]
V  [jvm.dll+0x739b3f]
V  [jvm.dll+0x739ad4]
V  [jvm.dll+0x3db9bc]
C  0x000002240a66b547

The last pc belongs to throw exception entrypoints (printed below).
Java frames: (J=compiled Java code, j=interpreted, Vv=VM code)
j  org.eclipse.jdt.internal.core.index.DiskIndex.writeCategoryTable([CLorg/eclipse/jdt/internal/compiler/util/HashtableOfObject;Ljava/io/OutputStream;)V+63
j  org.eclipse.jdt.internal.core.index.DiskIndex.writeCategories(Ljava/io/OutputStream;)V+46
j  org.eclipse.jdt.internal.core.index.DiskIndex.mergeWith(Lorg/eclipse/jdt/internal/core/index/MemoryIndex;)Lorg/eclipse/jdt/internal/core/index/DiskIndex;+322
j  org.eclipse.jdt.internal.core.index.Index.save()Z+40
j  org.eclipse.jdt.internal.core.search.indexing.IndexManager.saveIndex(Lorg/eclipse/jdt/internal/core/index/Index;)V+39
j  org.eclipse.jdt.internal.core.search.indexing.AddJrtToIndex.execute(Lorg/eclipse/core/runtime/IProgressMonitor;)Z+665
j  org.eclipse.jdt.internal.core.search.processing.JobManager.indexerLoop()V+269
j  org.eclipse.jdt.internal.core.search.processing.JobManager$$Lambda+0x00000224182e4800.run()V+4
j  java.lang.Thread.runWith(Ljava/lang/Object;Ljava/lang/Runnable;)V+5 java.base@21.0.8
j  java.lang.Thread.run()V+19 java.base@21.0.8
v  ~StubRoutines::call_stub 0x000002240a66100d

siginfo: EXCEPTION_ACCESS_VIOLATION (0xc0000005), reading address 0x0000003800000415


Registers:
RAX=0x0000000000000224, RBX=0x0000000000000000, RCX=0x0000003800000411, RDX=0x0000022417002700
RSP=0x0000009d38cfdba0, RBP=0x0000022417002700, RSI=0x000002245baccb60, RDI=0x0000022417002700
R8 =0x0000000000000000, R9 =0x00000000000c000f, R10=0x000002240a660000, R11=0x0000009d38cfb670
R12=0x00000000000003d8, R13=0x0000022417002708, R14=0x000002245e69f3e0, R15=0x000002245e69f7b8
RIP=0x00007ffbedbe8cea, EFLAGS=0x0000000000010206

XMM[0]=0x0000009d38cff0a8 0x0000000000000000
XMM[1]=0x0000000000000000 0x0000009d38cff060
XMM[2]=0x0000022462877c08 0x000002245d5a1730
XMM[3]=0x000002245d5a16c0 0x000002245e6571a0
XMM[4]=0x0000000000000000 0x000002240a668560
XMM[5]=0x000002245e6571a0 0x00007ffbedde0001
XMM[6]=0x0000000000000000 0x0000000000000006
XMM[7]=0x0000000000000000 0x00000000000044f3
XMM[8]=0x0000000000000000 0x0000000000004309
XMM[9]=0x0000000000000000 0x00000000000044f1
XMM[10]=0x0000000000000000 0x00000000000044f4
XMM[11]=0x0000000000000000 0x00000000000044f6
XMM[12]=0x0000000000000000 0x00000000000042e0
XMM[13]=0x0000000000000000 0x0000000000004308
XMM[14]=0x0000000000000000 0x00000000000042e6
XMM[15]=0x0000000000000000 0x00000000000044f8
  MXCSR=0x00001fa0


Register to memory mapping:

RAX=0x0000000000000224 is an unknown value
RBX=0x0 is null
RCX=0x0000003800000411 is an unknown value
RDX=0x0000022417002700 is pointing into metadata
RSP=0x0000009d38cfdba0 is pointing into the stack for thread: 0x000002245e6571a0
RBP=0x0000022417002700 is pointing into metadata
RSI={method} {0x000002245baccb68} 'writeCategoryTable' '([CLorg/eclipse/jdt/internal/compiler/util/HashtableOfObject;Ljava/io/OutputStream;)V' in 'org/eclipse/jdt/internal/core/index/DiskIndex'
RDI=0x0000022417002700 is pointing into metadata
R8 =0x0 is null
R9 =0x00000000000c000f is an unknown value
R10=0x000002240a660000 points into unknown readable memory: 0x0000000000000006 | 06 00 00 00 00 00 00 00
R11=0x0000009d38cfb670 is pointing into the stack for thread: 0x000002245e6571a0
R12=0x00000000000003d8 is an unknown value
R13=0x0000022417002708 is a pointer to class: 
R14=0x000002245e69f3e0 points into unknown readable memory: 0x0000000a00000001 | 01 00 00 00 0a 00 00 00
R15=0x000002245e69f7b8 points into unknown readable memory: 0x88000f004daa4d83 | 83 4d aa 4d 00 0f 00 88

Top of Stack: (sp=0x0000009d38cfdba0)
0x0000009d38cfdba0:   00007ffbede5d060 0000009d38cff0b8
0x0000009d38cfdbb0:   000002240a668560 0000000000000000
0x0000009d38cfdbc0:   0000022417002700 00007ffbedbe8de9
0x0000009d38cfdbd0:   0000000000000000 0000000000000000
0x0000009d38cfdbe0:   0000000000000000 0000000000000000
0x0000009d38cfdbf0:   0000000000000000 00007ffbedb09b3f
0x0000009d38cfdc00:   0000000000000000 00007ffbedde0001
0x0000009d38cfdc10:   000002245e6571a0 0000000000000000
0x0000009d38cfdc20:   00010101ffffffff 0000022417000000
0x0000009d38cfdc30:   000028b87a3a19e0 00007ffbed574bde
0x0000009d38cfdc40:   000002245e69f7b8 000002245e69f3e0
0x0000009d38cfdc50:   000002245bacc9bf 00000000000003d8
0x0000009d38cfdc60:   0000022417002708 00007ffbedb09ad4
0x0000009d38cfdc70:   0000022417002700 000002245bacc9bf
0x0000009d38cfdc80:   0000022417002700 000002245baccb60
0x0000009d38cfdc90:   0000000000000000 0000000000000000
0x0000009d38cfdca0:   000002245bac5928 000002245e6571a0
0x0000009d38cfdcb0:   000002245bac5928 0000009d38cfdd00
0x0000009d38cfdcc0:   0000009d38cff060 000002240a66b507
0x0000009d38cfdcd0:   000002240a667e90 0000000000000000
0x0000009d38cfdce0:   0000000000000000 0000009d38cff0a8
0x0000009d38cfdcf0:   0000009d38cff060 000002245e6571a0
0x0000009d38cfdd00:   0000009d38cff050 000002240b281e98
0x0000009d38cfdd10:   000002240b281890 0000000000000000
0x0000009d38cfdd20:   00007f0000000000 0000000092cc72c0
0x0000009d38cfdd30:   0000009d38cff050 0000009d38cff0f0
0x0000009d38cfdd40:   000002240a668560 000002240a667e90
0x0000009d38cfdd50:   0000000000000000 00007f0000000000
0x0000009d38cfdd60:   0000009d38cff158 0000009d38cff0f0
0x0000009d38cfdd70:   0000009d38cff020 000002240a6b3a2a
0x0000009d38cfdd80:   000002240a6b3990 000002247e50b448
0x0000009d38cfdd90:   0000000000000000 0000000000000000 

Instructions: (pc=0x00007ffbedbe8cea)
0x00007ffbedbe8bea:   cc cc cc cc cc cc 48 89 5c 24 08 48 89 74 24 10
0x00007ffbedbe8bfa:   48 89 7c 24 18 41 56 48 83 ec 20 41 8b d9 49 63
0x00007ffbedbe8c0a:   f8 48 8b f2 4c 8b f1 e8 1a c3 ea ff 44 0f bf d0
0x00007ffbedbe8c1a:   49 8d 4e 06 41 c1 e2 10 4c 8b c7 44 0b d3 66 41
0x00007ffbedbe8c2a:   89 7e 04 48 8b d6 45 89 16 41 c6 46 07 00 c6 01
0x00007ffbedbe8c3a:   00 e8 60 54 13 00 48 8b 5c 24 30 49 8b c6 48 8b
0x00007ffbedbe8c4a:   74 24 38 48 8b 7c 24 40 48 83 c4 20 41 5e c3 cc
0x00007ffbedbe8c5a:   cc cc cc cc cc cc 40 53 48 83 ec 20 8b 02 48 8b
0x00007ffbedbe8c6a:   d9 89 01 0f b7 42 04 48 83 c2 06 66 89 41 04 44
0x00007ffbedbe8c7a:   8b c0 48 83 c1 06 e8 1b 54 13 00 48 8b c3 48 83
0x00007ffbedbe8c8a:   c4 20 5b c3 cc cc 4c 8b d2 4c 8b d9 45 85 c0 7e
0x00007ffbedbe8c9a:   3c 44 0f b7 49 04 41 8d 40 ff 41 3b c1 44 0f 4c
0x00007ffbedbe8caa:   c8 4d 63 c1 45 85 c9 7e 1f 48 8b c2 4c 2b da 49
0x00007ffbedbe8cba:   8b d0 0f 1f 40 00 41 0f b6 4c 03 06 88 08 48 8d
0x00007ffbedbe8cca:   40 01 48 83 ea 01 75 ee 43 c6 04 10 00 49 8b c2
0x00007ffbedbe8cda:   c3 cc cc cc cc cc 48 89 5c 24 08 57 48 83 ec 20
0x00007ffbedbe8cea:   0f b7 59 04 48 8b f9 33 d2 48 8d 4b 01 e8 64 f4
0x00007ffbedbe8cfa:   f0 ff 0f b7 57 04 4c 8b c0 3b da 0f 42 d3 44 8b
0x00007ffbedbe8d0a:   ca 85 d2 74 39 48 2b f8 0f 1f 40 00 66 66 0f 1f
0x00007ffbedbe8d1a:   84 00 00 00 00 00 0f b6 4c 07 06 88 08 48 ff c0
0x00007ffbedbe8d2a:   48 8b c8 49 2b c8 49 3b c9 7c eb 42 c6 04 02 00
0x00007ffbedbe8d3a:   49 8b c0 48 8b 5c 24 30 48 83 c4 20 5f c3 48 8b
0x00007ffbedbe8d4a:   5c 24 30 c6 04 02 00 48 83 c4 20 5f c3 cc cc cc
0x00007ffbedbe8d5a:   cc cc cc cc cc cc 4c 8b d1 45 85 c0 7e 6c 44 0f
0x00007ffbedbe8d6a:   b7 49 04 41 8d 40 ff 41 3b c1 44 0f 4c c8 4d 63
0x00007ffbedbe8d7a:   d9 45 85 c9 7e 22 48 8b ca 4c 2b d2 4d 8b c3 0f
0x00007ffbedbe8d8a:   1f 80 00 00 00 00 41 0f b6 44 0a 06 88 01 48 8d
0x00007ffbedbe8d9a:   49 01 49 83 e8 01 75 ee 41 c6 04 13 00 48 c7 c0
0x00007ffbedbe8daa:   ff ff ff ff 66 90 48 ff c0 80 3c 02 00 75 f7 48
0x00007ffbedbe8dba:   63 c8 85 c0 48 8b c2 7e 14 80 38 2f 75 03 c6 00
0x00007ffbedbe8dca:   2e 48 ff c0 48 83 e9 01 75 ef 48 8b c2 c3 cc cc
0x00007ffbedbe8dda:   cc cc cc cc cc cc 48 83 ec 28 e8 f7 fe ff ff 4c 


Stack slot to memory mapping:

stack at sp + 0 slots: 0x00007ffbede5d060 jvm.dll
stack at sp + 1 slots: 0x0000009d38cff0b8 is pointing into the stack for thread: 0x000002245e6571a0
stack at sp + 2 slots: 0x000002240a668560 is at code_begin+1184 in an Interpreter codelet
return entry points  [0x000002240a6680c0, 0x000002240a668c60]  2976 bytes
stack at sp + 3 slots: 0x0 is null
stack at sp + 4 slots: 0x0000022417002700 is pointing into metadata
stack at sp + 5 slots: 0x00007ffbedbe8de9 jvm.dll
stack at sp + 6 slots: 0x0 is null
stack at sp + 7 slots: 0x0 is null

throw exception entrypoints  [0x000002240a66b2a0, 0x000002240a66b730]  1168 bytes
[MachCode]
  0x000002240a66b2a0: 488b 65b8 | 48c7 45f0 | 0000 0000 | e805 0000 | 00e9 9900 | 0000 4c8b | c348 8d44 | 2408 4c89 
  0x000002240a66b2c0: 6dc0 498b | cfc5 f877 | 4989 afa8 | 0300 0049 | 8987 9803 | 0000 4883 | ec20 40f6 | c40f 0f84 
  0x000002240a66b2e0: 1900 0000 | 4883 ec08 | 48b8 a0b7 | 7aed fb7f | 0000 ffd0 | 4883 c408 | e90c 0000 | 0048 b8a0 
  0x000002240a66b300: b77a edfb | 7f00 00ff | d048 83c4 | 2049 c787 | 9803 0000 | 0000 0000 | 49c7 87a8 | 0300 0000 
  0x000002240a66b320: 0000 0049 | c787 a003 | 0000 0000 | 0000 c5f8 | 7749 837f | 0800 0f84 | 0500 0000 | e9bf 5bff 
  0x000002240a66b340: ff4c 8b6d | c04c 8b75 | c84e 8d74 | f500 c341 | 5848 8b65 | b848 c745 | f000 0000 | 0048 bac0 
  0x000002240a66b360: f7e7 edfb | 7f00 00e8 | 0500 0000 | e9a8 0000 | 0048 8d44 | 2408 4c89 | 6dc0 498b | cfc5 f877 
  0x000002240a66b380: 4989 afa8 | 0300 0049 | 8987 9803 | 0000 4883 | ec20 40f6 | c40f 0f84 | 1900 0000 | 4883 ec08 
  0x000002240a66b3a0: 48b8 d07c | 7aed fb7f | 0000 ffd0 | 4883 c408 | e90c 0000 | 0048 b8d0 | 7c7a edfb | 7f00 00ff 
  0x000002240a66b3c0: d048 83c4 | 2049 c787 | 9803 0000 | 0000 0000 | 49c7 87a8 | 0300 0000 | 0000 0049 | c787 a003 
  0x000002240a66b3e0: 0000 0000 | 0000 c5f8 | 7749 837f | 0800 0f84 | 0500 0000 | e907 5bff | ff49 8b87 | f003 0000 
  0x000002240a66b400: 49c7 87f0 | 0300 0000 | 0000 004c | 8b6d c04c | 8b75 c84e | 8d74 f500 | c3e9 3af2 | ffff 488b 
  0x000002240a66b420: 65b8 48c7 | 45f0 0000 | 0000 48ba | e0f7 e7ed | fb7f 0000 | 49b8 2004 | dded fb7f | 0000 e805 
  0x000002240a66b440: 0000 00e9 | a800 0000 | 488d 4424 | 084c 896d | c049 8bcf | c5f8 7749 | 89af a803 | 0000 4989 
  0x000002240a66b460: 8798 0300 | 0048 83ec | 2040 f6c4 | 0f0f 8419 | 0000 0048 | 83ec 0848 | b870 7b7a | edfb 7f00 
  0x000002240a66b480: 00ff d048 | 83c4 08e9 | 0c00 0000 | 48b8 707b | 7aed fb7f | 0000 ffd0 | 4883 c420 | 49c7 8798 
  0x000002240a66b4a0: 0300 0000 | 0000 0049 | c787 a803 | 0000 0000 | 0000 49c7 | 87a0 0300 | 0000 0000 | 00c5 f877 
  0x000002240a66b4c0: 4983 7f08 | 000f 8405 | 0000 00e9 | 305a ffff | 498b 87f0 | 0300 0049 | c787 f003 | 0000 0000 
  0x000002240a66b4e0: 0000 4c8b | 6dc0 4c8b | 75c8 4e8d | 74f5 00c3 | e963 f1ff | ff5a 488b | 65b8 48c7 | 45f0 0000 
  0x000002240a66b500: 0000 e805 | 0000 00e9 | 9600 0000 | 488d 4424 | 084c 896d | c049 8bcf | c5f8 7749 | 89af a803 
  0x000002240a66b520: 0000 4989 | 8798 0300 | 0048 83ec | 2040 f6c4 | 0f0f 8419 | 0000 0048 | 83ec 0848 | b850 b97a 
  0x000002240a66b540: edfb 7f00 | 00ff d048 | 83c4 08e9 | 0c00 0000 | 48b8 50b9 | 7aed fb7f | 0000 ffd0 | 4883 c420 
  0x000002240a66b560: 49c7 8798 | 0300 0000 | 0000 0049 | c787 a803 | 0000 0000 | 0000 49c7 | 87a0 0300 | 0000 0000 
  0x000002240a66b580: 00c5 f877 | 4983 7f08 | 000f 8405 | 0000 00e9 | 6c59 ffff | 4c8b 6dc0 | 4c8b 75c8 | 4e8d 74f5 
  0x000002240a66b5a0: 00c3 488b | 65b8 48c7 | 45f0 0000 | 0000 48ba | 00f8 e7ed | fb7f 0000 | 49b8 0000 | 0000 0000 
  0x000002240a66b5c0: 0000 e805 | 0000 00e9 | a800 0000 | 488d 4424 | 084c 896d | c049 8bcf | c5f8 7749 | 89af a803 
  0x000002240a66b5e0: 0000 4989 | 8798 0300 | 0048 83ec | 2040 f6c4 | 0f0f 8419 | 0000 0048 | 83ec 0848 | b870 7b7a 
  0x000002240a66b600: edfb 7f00 | 00ff d048 | 83c4 08e9 | 0c00 0000 | 48b8 707b | 7aed fb7f | 0000 ffd0 | 4883 c420 
  0x000002240a66b620: 49c7 8798 | 0300 0000 | 0000 0049 | c787 a803 | 0000 0000 | 0000 49c7 | 87a0 0300 | 0000 0000 
  0x000002240a66b640: 00c5 f877 | 4983 7f08 | 000f 8405 | 0000 00e9 | ac58 ffff | 498b 87f0 | 0300 0049 | c787 f003 
  0x000002240a66b660: 0000 0000 | 0000 4c8b | 6dc0 4c8b | 75c8 4e8d | 74f5 00c3 | e9df efff | ff4c 8b6d | c048 8b65 
  0x000002240a66b680: b848 c745 | f000 0000 | 00e8 0500 | 0000 e996 | 0000 0048 | 8d44 2408 | 4c89 6dc0 | 498b cfc5 
  0x000002240a66b6a0: f877 4989 | afa8 0300 | 0049 8987 | 9803 0000 | 4883 ec20 | 40f6 c40f | 0f84 1900 | 0000 4883 
  0x000002240a66b6c0: ec08 48b8 | 70bc 7aed | fb7f 0000 | ffd0 4883 | c408 e90c | 0000 0048 | b870 bc7a | edfb 7f00 
  0x000002240a66b6e0: 00ff d048 | 83c4 2049 | c787 9803 | 0000 0000 | 0000 49c7 | 87a8 0300 | 0000 0000 | 0049 c787 
  0x000002240a66b700: a003 0000 | 0000 0000 | c5f8 7749 | 837f 0800 | 0f84 0500 | 0000 e9e5 | 57ff ff4c | 8b6d c04c 
  0x000002240a66b720: 8b75 c84e | 8d74 f500 | c30f 1f80 | 0000 0000 
[/MachCode]

---------------  P R O C E S S  ---------------

Threads class SMR info:
_java_thread_list=0x000002245e2c3b40, length=62, elements={
0x000002247c1a4de0, 0x00000224162de580, 0x00000224162dfe80, 0x00000224162e1a00,
0x00000224162e4820, 0x00000224162e7630, 0x00000224162f8560, 0x00000224162ecfd0,
0x000002241630e5d0, 0x000002245d0b6940, 0x000002245d0b6fd0, 0x000002245d0b41e0,
0x000002245d0b5590, 0x000002245d0b7660, 0x000002245d0b4f00, 0x000002245d0b4870,
0x000002245d0b5c20, 0x000002245e654a40, 0x000002245e653d20, 0x000002245e6550d0,
0x000002245e6543b0, 0x000002245e6571a0, 0x000002245e653000, 0x000002245e657ec0,
0x000002245e655760, 0x000002245e655df0, 0x000002245e656480, 0x000002245e658550,
0x000002245e656b10, 0x000002245e659f90, 0x000002245e657830, 0x000002245e658be0,
0x000002245e659270, 0x000002245e659900, 0x000002245e65a620, 0x000002245e653690,
0x0000022460e58500, 0x0000022460e56430, 0x0000022460e56ac0, 0x000002245f2386f0,
0x000002245f235f90, 0x000002245f238060, 0x000002245f238d80, 0x000002245f239410,
0x000002245f236620, 0x000002245f236cb0, 0x000002245f237340, 0x000002245f2379d0,
0x000002246259beb0, 0x000002246259eca0, 0x00000224625a0050, 0x000002246259c540,
0x000002246259b820, 0x0000022460991100, 0x000002246098e820, 0x000002246259d260,
0x000002246259a470, 0x000002246259f9c0, 0x000002246259df80, 0x00000224625a0d70,
0x00000224625a1a90, 0x000002246259d8f0
}

Java Threads: ( => current thread )
  0x000002247c1a4de0 JavaThread "main"                              [_thread_blocked, id=16804, stack(0x0000009d36a00000,0x0000009d36b00000) (1024K)]
  0x00000224162de580 JavaThread "Reference Handler"          daemon [_thread_blocked, id=41648, stack(0x0000009d36e00000,0x0000009d36f00000) (1024K)]
  0x00000224162dfe80 JavaThread "Finalizer"                  daemon [_thread_blocked, id=22112, stack(0x0000009d36f00000,0x0000009d37000000) (1024K)]
  0x00000224162e1a00 JavaThread "Signal Dispatcher"          daemon [_thread_blocked, id=48944, stack(0x0000009d37000000,0x0000009d37100000) (1024K)]
  0x00000224162e4820 JavaThread "Attach Listener"            daemon [_thread_blocked, id=17088, stack(0x0000009d37100000,0x0000009d37200000) (1024K)]
  0x00000224162e7630 JavaThread "Service Thread"             daemon [_thread_blocked, id=18044, stack(0x0000009d37200000,0x0000009d37300000) (1024K)]
  0x00000224162f8560 JavaThread "Monitor Deflation Thread"   daemon [_thread_blocked, id=21868, stack(0x0000009d37300000,0x0000009d37400000) (1024K)]
  0x00000224162ecfd0 JavaThread "C2 CompilerThread0"         daemon [_thread_blocked, id=1772, stack(0x0000009d37400000,0x0000009d37500000) (1024K)]
  0x000002241630e5d0 JavaThread "C1 CompilerThread0"         daemon [_thread_blocked, id=11284, stack(0x0000009d37500000,0x0000009d37600000) (1024K)]
  0x000002245d0b6940 JavaThread "Common-Cleaner"             daemon [_thread_blocked, id=45148, stack(0x0000009d37600000,0x0000009d37700000) (1024K)]
  0x000002245d0b6fd0 JavaThread "Notification Thread"        daemon [_thread_blocked, id=18876, stack(0x0000009d37800000,0x0000009d37900000) (1024K)]
  0x000002245d0b41e0 JavaThread "Active Thread: Equinox Container: 0129ce3a-8ea1-45ed-a288-3d4d37198236"        [_thread_blocked, id=18640, stack(0x0000009d38000000,0x0000009d38100000) (1024K)]
  0x000002245d0b5590 JavaThread "Refresh Thread: Equinox Container: 0129ce3a-8ea1-45ed-a288-3d4d37198236" daemon [_thread_blocked, id=19460, stack(0x0000009d38200000,0x0000009d38300000) (1024K)]
  0x000002245d0b7660 JavaThread "Framework Event Dispatcher: Equinox Container: 0129ce3a-8ea1-45ed-a288-3d4d37198236" daemon [_thread_blocked, id=21660, stack(0x0000009d38300000,0x0000009d38400000) (1024K)]
  0x000002245d0b4f00 JavaThread "Start Level: Equinox Container: 0129ce3a-8ea1-45ed-a288-3d4d37198236" daemon [_thread_blocked, id=51116, stack(0x0000009d38400000,0x0000009d38500000) (1024K)]
  0x000002245d0b4870 JavaThread "Bundle File Closer"         daemon [_thread_blocked, id=41188, stack(0x0000009d38500000,0x0000009d38600000) (1024K)]
  0x000002245d0b5c20 JavaThread "SCR Component Actor"        daemon [_thread_blocked, id=24044, stack(0x0000009d38600000,0x0000009d38700000) (1024K)]
  0x000002245e654a40 JavaThread "Worker-JM"                         [_thread_blocked, id=29756, stack(0x0000009d38800000,0x0000009d38900000) (1024K)]
  0x000002245e653d20 JavaThread "JNA Cleaner"                daemon [_thread_blocked, id=7344, stack(0x0000009d38900000,0x0000009d38a00000) (1024K)]
  0x000002245e6550d0 JavaThread "Worker-0"                          [_thread_blocked, id=13400, stack(0x0000009d37700000,0x0000009d37800000) (1024K)]
  0x000002245e6543b0 JavaThread "Worker-1"                          [_thread_blocked, id=24832, stack(0x0000009d37900000,0x0000009d37a00000) (1024K)]
=>0x000002245e6571a0 JavaThread "Java indexing"              daemon [_thread_in_vm, id=9184, stack(0x0000009d38c00000,0x0000009d38d00000) (1024K)]
  0x000002245e653000 JavaThread "Worker-2"                          [_thread_blocked, id=8900, stack(0x0000009d38f00000,0x0000009d39000000) (1024K)]
  0x000002245e657ec0 JavaThread "Worker-3: Building"                [_thread_blocked, id=12792, stack(0x0000009d39000000,0x0000009d39100000) (1024K)]
  0x000002245e655760 JavaThread "Thread-2"                   daemon [_thread_in_native, id=17572, stack(0x0000009d39100000,0x0000009d39200000) (1024K)]
  0x000002245e655df0 JavaThread "Thread-3"                   daemon [_thread_in_native, id=12660, stack(0x0000009d39200000,0x0000009d39300000) (1024K)]
  0x000002245e656480 JavaThread "Thread-4"                   daemon [_thread_in_native, id=43100, stack(0x0000009d39300000,0x0000009d39400000) (1024K)]
  0x000002245e658550 JavaThread "Thread-5"                   daemon [_thread_in_native, id=24552, stack(0x0000009d39400000,0x0000009d39500000) (1024K)]
  0x000002245e656b10 JavaThread "Thread-6"                   daemon [_thread_in_native, id=27508, stack(0x0000009d39500000,0x0000009d39600000) (1024K)]
  0x000002245e659f90 JavaThread "Thread-7"                   daemon [_thread_in_native, id=27016, stack(0x0000009d39600000,0x0000009d39700000) (1024K)]
  0x000002245e657830 JavaThread "Thread-8"                   daemon [_thread_in_native, id=30508, stack(0x0000009d39700000,0x0000009d39800000) (1024K)]
  0x000002245e658be0 JavaThread "Thread-9"                   daemon [_thread_in_native, id=10012, stack(0x0000009d39800000,0x0000009d39900000) (1024K)]
  0x000002245e659270 JavaThread "Thread-10"                  daemon [_thread_in_native, id=27564, stack(0x0000009d39900000,0x0000009d39a00000) (1024K)]
  0x000002245e659900 JavaThread "pool-2-thread-1"                   [_thread_blocked, id=26736, stack(0x0000009d39a00000,0x0000009d39b00000) (1024K)]
  0x000002245e65a620 JavaThread "Worker-4: Java indexing... "        [_thread_blocked, id=31888, stack(0x0000009d39b00000,0x0000009d39c00000) (1024K)]
  0x000002245e653690 JavaThread "Worker-5"                          [_thread_blocked, id=26832, stack(0x0000009d39c00000,0x0000009d39d00000) (1024K)]
  0x0000022460e58500 JavaThread "WorkspaceEventsHandler"            [_thread_blocked, id=1812, stack(0x0000009d39d00000,0x0000009d39e00000) (1024K)]
  0x0000022460e56430 JavaThread "pool-1-thread-1"                   [_thread_blocked, id=20552, stack(0x0000009d39e00000,0x0000009d39f00000) (1024K)]
  0x0000022460e56ac0 JavaThread "Keep-Alive-Timer"           daemon [_thread_blocked, id=12584, stack(0x0000009d3a000000,0x0000009d3a100000) (1024K)]
  0x000002245f2386f0 JavaThread "LocalFile Deleter"          daemon [_thread_blocked, id=12476, stack(0x0000009d3a100000,0x0000009d3a200000) (1024K)]
  0x000002245f235f90 JavaThread "LocalFile Deleter"          daemon [_thread_blocked, id=50672, stack(0x0000009d3a200000,0x0000009d3a300000) (1024K)]
  0x000002245f238060 JavaThread "LocalFile Deleter"          daemon [_thread_blocked, id=11432, stack(0x0000009d3a300000,0x0000009d3a400000) (1024K)]
  0x000002245f238d80 JavaThread "LocalFile Deleter"          daemon [_thread_blocked, id=28272, stack(0x0000009d3a400000,0x0000009d3a500000) (1024K)]
  0x000002245f239410 JavaThread "LocalFile Deleter"          daemon [_thread_blocked, id=30000, stack(0x0000009d3a500000,0x0000009d3a600000) (1024K)]
  0x000002245f236620 JavaThread "LocalFile Deleter"          daemon [_thread_blocked, id=34716, stack(0x0000009d3a600000,0x0000009d3a700000) (1024K)]
  0x000002245f236cb0 JavaThread "LocalFile Deleter"          daemon [_thread_blocked, id=42740, stack(0x0000009d3a700000,0x0000009d3a800000) (1024K)]
  0x000002245f237340 JavaThread "LocalFile Deleter"          daemon [_thread_blocked, id=13532, stack(0x0000009d3a800000,0x0000009d3a900000) (1024K)]
  0x000002245f2379d0 JavaThread "Compiler Source File Reader" daemon [_thread_blocked, id=42496, stack(0x0000009d3a900000,0x0000009d3aa00000) (1024K)]
  0x000002246259beb0 JavaThread "Compiler Source File Reader" daemon [_thread_blocked, id=11756, stack(0x0000009d3aa00000,0x0000009d3ab00000) (1024K)]
  0x000002246259eca0 JavaThread "Compiler Source File Reader" daemon [_thread_blocked, id=40892, stack(0x0000009d3ab00000,0x0000009d3ac00000) (1024K)]
  0x00000224625a0050 JavaThread "Compiler Source File Reader" daemon [_thread_blocked, id=43948, stack(0x0000009d3ac00000,0x0000009d3ad00000) (1024K)]
  0x000002246259c540 JavaThread "Compiler Source File Reader" daemon [_thread_blocked, id=2196, stack(0x0000009d3ad00000,0x0000009d3ae00000) (1024K)]
  0x000002246259b820 JavaThread "Compiler Source File Reader" daemon [_thread_blocked, id=48448, stack(0x0000009d3ae00000,0x0000009d3af00000) (1024K)]
  0x0000022460991100 JavaThread "C2 CompilerThread1"         daemon [_thread_blocked, id=49244, stack(0x0000009d38700000,0x0000009d38800000) (1024K)]
  0x000002246098e820 JavaThread "C2 CompilerThread2"         daemon [_thread_blocked, id=20460, stack(0x0000009d38a00000,0x0000009d38b00000) (1024K)]
  0x000002246259d260 JavaThread "Compiler Processing Task"   daemon [_thread_blocked, id=5664, stack(0x0000009d38b00000,0x0000009d38c00000) (1024K)]
  0x000002246259a470 JavaThread "Compiler Class File Writer" daemon [_thread_blocked, id=44252, stack(0x0000009d3af00000,0x0000009d3b000000) (1024K)]
  0x000002246259f9c0 JavaThread "Compiler Class File Writer" daemon [_thread_blocked, id=28824, stack(0x0000009d3b000000,0x0000009d3b100000) (1024K)]
  0x000002246259df80 JavaThread "Compiler Class File Writer" daemon [_thread_blocked, id=17400, stack(0x0000009d3b100000,0x0000009d3b200000) (1024K)]
  0x00000224625a0d70 JavaThread "Compiler Class File Writer" daemon [_thread_blocked, id=44628, stack(0x0000009d3b200000,0x0000009d3b300000) (1024K)]
  0x00000224625a1a90 JavaThread "Compiler Class File Writer" daemon [_thread_blocked, id=18212, stack(0x0000009d3b300000,0x0000009d3b400000) (1024K)]
  0x000002246259d8f0 JavaThread "Compiler Class File Writer" daemon [_thread_blocked, id=34240, stack(0x0000009d3b400000,0x0000009d3b500000) (1024K)]
Total: 62

Other Threads:
  0x000002247e55f9d0 VMThread "VM Thread"                           [id=46608, stack(0x0000009d36d00000,0x0000009d36e00000) (1024K)] _threads_hazard_ptr=0x000002245e2c3b40
  0x000002247e50bd30 WatcherThread "VM Periodic Task Thread"        [id=41644, stack(0x0000009d36c00000,0x0000009d36d00000) (1024K)]
  0x000002247e4bd050 WorkerThread "GC Thread#0"                     [id=48404, stack(0x0000009d36b00000,0x0000009d36c00000) (1024K)]
  0x000002245dbf9df0 WorkerThread "GC Thread#1"                     [id=29936, stack(0x0000009d37a00000,0x0000009d37b00000) (1024K)]
  0x000002245dbfa190 WorkerThread "GC Thread#2"                     [id=50472, stack(0x0000009d37b00000,0x0000009d37c00000) (1024K)]
  0x000002245dbfa530 WorkerThread "GC Thread#3"                     [id=33604, stack(0x0000009d37c00000,0x0000009d37d00000) (1024K)]
  0x000002245d799070 WorkerThread "GC Thread#4"                     [id=42140, stack(0x0000009d37d00000,0x0000009d37e00000) (1024K)]
  0x000002245d799410 WorkerThread "GC Thread#5"                     [id=9520, stack(0x0000009d37e00000,0x0000009d37f00000) (1024K)]
  0x000002245d7997b0 WorkerThread "GC Thread#6"                     [id=16152, stack(0x0000009d37f00000,0x0000009d38000000) (1024K)]
  0x000002245e058920 WorkerThread "GC Thread#7"                     [id=19528, stack(0x0000009d38100000,0x0000009d38200000) (1024K)]
Total: 10

Threads with active compile tasks:
C2 CompilerThread0  17015 10030       4       java.util.Arrays::fill (21 bytes)
C1 CompilerThread0  17015 10055       3       org.eclipse.jdt.internal.compiler.ast.Argument::bind (279 bytes)
C2 CompilerThread1  17015 10037       4       org.eclipse.jdt.internal.compiler.parser.Parser::consumeToken (2264 bytes)
C2 CompilerThread2  17015 9993       4       org.eclipse.jdt.internal.compiler.parser.Parser::consumeRule (7748 bytes)
Total: 4

VM state: synchronizing (normal execution)

VM Mutex/Monitor currently owned by a thread:  ([mutex/lock_event])
[0x00007ffbee085458] Threads_lock - owner thread: 0x000002247e55f9d0
[0x00007ffbee085558] Heap_lock - owner thread: 0x000002245e657ec0

Heap address: 0x0000000080000000, size: 2048 MB, Compressed Oops mode: 32-bit

CDS archive(s) mapped at: [0x0000022417000000-0x0000022417ba0000-0x0000022417ba0000), size 12189696, SharedBaseAddress: 0x0000022417000000, ArchiveRelocationMode: 1.
Compressed class space mapped at: 0x0000022418000000-0x0000022458000000, reserved size: 1073741824
Narrow klass base: 0x0000022417000000, Narrow klass shift: 0, Narrow klass range: 0x100000000

GC Precious Log:
 CardTable entry size: 512
 CPUs: 8 total, 8 available
 Memory: 16321M
 Large Page Support: Disabled
 NUMA Support: Disabled
 Compressed Oops: Enabled (32-bit)
 Alignments: Space 512K, Generation 512K, Heap 2M
 Heap Min Capacity: 100M
 Heap Initial Capacity: 100M
 Heap Max Capacity: 2G
 Pre-touch: Disabled
 Parallel Workers: 8

Heap:
 PSYoungGen      total 1536K, used 1343K [0x00000000d5580000, 0x00000000d5880000, 0x0000000100000000)
  eden space 1024K, 99% used [0x00000000d5580000,0x00000000d567ff88,0x00000000d5680000)
  from space 512K, 62% used [0x00000000d5780000,0x00000000d57d0000,0x00000000d5800000)
  to   space 512K, 0% used [0x00000000d5800000,0x00000000d5800000,0x00000000d5880000)
 ParOldGen       total 379392K, used 379355K [0x0000000080000000, 0x0000000097280000, 0x00000000d5580000)
  object space 379392K, 99% used [0x0000000080000000,0x0000000097276dd0,0x0000000097280000)
 Metaspace       used 61626K, committed 62848K, reserved 1114112K
  class space    used 6590K, committed 7104K, reserved 1048576K

Card table byte_map: [0x000002247de80000,0x000002247e290000] _byte_map_base: 0x000002247da80000

Marking Bits: (ParMarkBitMap*) 0x00007ffbee08a340
 Begin Bits: [0x0000022412130000, 0x0000022414130000)
 End Bits:   [0x0000022414130000, 0x0000022416130000)

Polling page: 0x000002247dc70000

Metaspace:

Usage:
  Non-class:     53.75 MB used.
      Class:      6.44 MB used.
       Both:     60.18 MB used.

Virtual space:
  Non-class space:       64.00 MB reserved,      54.44 MB ( 85%) committed,  1 nodes.
      Class space:        1.00 GB reserved,       6.94 MB ( <1%) committed,  1 nodes.
             Both:        1.06 GB reserved,      61.38 MB (  6%) committed. 

Chunk freelists:
   Non-Class:  8.76 MB
       Class:  8.90 MB
        Both:  17.66 MB

MaxMetaspaceSize: unlimited
CompressedClassSpaceSize: 1.00 GB
Initial GC threshold: 21.00 MB
Current GC threshold: 97.31 MB
CDS: on
 - commit_granule_bytes: 65536.
 - commit_granule_words: 8192.
 - virtual_space_node_default_size: 8388608.
 - enlarge_chunks_in_place: 1.
 - use_allocation_guard: 0.


Internal statistics:

num_allocs_failed_limit: 9.
num_arena_births: 998.
num_arena_deaths: 14.
num_vsnodes_births: 2.
num_vsnodes_deaths: 0.
num_space_committed: 982.
num_space_uncommitted: 0.
num_chunks_returned_to_freelist: 23.
num_chunks_taken_from_freelist: 3487.
num_chunk_merges: 13.
num_chunk_splits: 2244.
num_chunks_enlarged: 1444.
num_inconsistent_stats: 0.

CodeHeap 'non-profiled nmethods': size=120000Kb used=6705Kb max_used=6705Kb free=113294Kb
 bounds [0x000002240ac00000, 0x000002240b290000, 0x0000022412130000]
CodeHeap 'profiled nmethods': size=120000Kb used=21964Kb max_used=21964Kb free=98035Kb
 bounds [0x0000022403130000, 0x00000224046b0000, 0x000002240a660000]
CodeHeap 'non-nmethods': size=5760Kb used=1454Kb max_used=1529Kb free=4305Kb
 bounds [0x000002240a660000, 0x000002240a8d0000, 0x000002240ac00000]
CodeCache: size=245760Kb, used=30123Kb, max_used=30198Kb, free=215634Kb
 total_blobs=10007, nmethods=9237, adapters=676, full_count=0
Compilation: enabled, stopped_count=0, restarted_count=0

Compilation events (20 events):
Event: 16.941 Thread 0x000002241630e5d0 nmethod 10034 0x0000022404691090 code [0x00000224046912e0, 0x0000022404691de8]
Event: 16.941 Thread 0x000002241630e5d0 10036       3       java.lang.Long::fastUUID (224 bytes)
Event: 16.941 Thread 0x000002241630e5d0 nmethod 10036 0x0000022404692090 code [0x0000022404692280, 0x00000224046926d0]
Event: 16.941 Thread 0x000002241630e5d0 10023       3       org.eclipse.core.internal.resources.MarkerManager::add (117 bytes)
Event: 16.942 Thread 0x000002241630e5d0 nmethod 10023 0x0000022404692890 code [0x0000022404692b60, 0x0000022404693e70]
Event: 16.942 Thread 0x000002241630e5d0 10024       3       org.eclipse.core.internal.resources.MarkerManager::basicAdd (33 bytes)
Event: 16.943 Thread 0x000002241630e5d0 nmethod 10024 0x0000022404694490 code [0x0000022404694680, 0x0000022404694b50]
Event: 16.943 Thread 0x000002241630e5d0 10025       3       org.eclipse.core.internal.resources.MarkerSet::isEmpty (11 bytes)
Event: 16.943 Thread 0x000002241630e5d0 nmethod 10025 0x0000022404694d90 code [0x0000022404694f40, 0x00000224046950b0]
Event: 16.945 Thread 0x000002241630e5d0 10009       3       org.eclipse.jdt.internal.compiler.lookup.ParameterizedTypeBinding::capture (8 bytes)
Event: 16.945 Thread 0x000002241630e5d0 nmethod 10009 0x0000022404695190 code [0x0000022404695340, 0x0000022404695500]
Event: 16.946 Thread 0x000002241630e5d0 10020       3       org.eclipse.jdt.internal.compiler.lookup.SourceTypeBinding::storedAnnotations (89 bytes)
Event: 16.946 Thread 0x0000022460991100 nmethod 10021% 0x000002240b28a090 code [0x000002240b28a240, 0x000002240b28a8a8]
Event: 16.946 Thread 0x0000022460991100 10037       4       org.eclipse.jdt.internal.compiler.parser.Parser::consumeToken (2264 bytes)
Event: 16.946 Thread 0x000002241630e5d0 nmethod 10020 0x0000022404695610 code [0x0000022404695820, 0x0000022404695f50]
Event: 16.946 Thread 0x000002241630e5d0 10011       3       jdk.internal.reflect.MethodHandleBooleanFieldAccessorImpl::get (9 bytes)
Event: 16.947 Thread 0x000002241630e5d0 nmethod 10011 0x0000022404696210 code [0x00000224046963e0, 0x0000022404696610]
Event: 16.947 Thread 0x000002241630e5d0 10013       3       lombok.launch.PatchFixesHider$ExtensionMethod::resolveType (23 bytes)
Event: 16.950 Thread 0x000002241630e5d0 nmethod 10013 0x0000022404696710 code [0x0000022404696e40, 0x000002240469ac80]
Event: 16.950 Thread 0x000002241630e5d0 10048       3       lombok.eclipse.TransformEclipseAST$AnnotationVisitor::visitAnnotationOnMethodArgument (42 bytes)

GC Heap History (20 events):
Event: 16.799 GC heap before
{Heap before GC invocations=501 (full 3):
 PSYoungGen      total 1536K, used 1344K [0x00000000d5580000, 0x00000000d5880000, 0x0000000100000000)
  eden space 1024K, 100% used [0x00000000d5580000,0x00000000d5680000,0x00000000d5680000)
  from space 512K, 62% used [0x00000000d5780000,0x00000000d57d0000,0x00000000d5800000)
  to   space 512K, 0% used [0x00000000d5800000,0x00000000d5800000,0x00000000d5880000)
 ParOldGen       total 377856K, used 377443K [0x0000000080000000, 0x0000000097100000, 0x00000000d5580000)
  object space 377856K, 99% used [0x0000000080000000,0x0000000097098d10,0x0000000097100000)
 Metaspace       used 61314K, committed 62528K, reserved 1114112K
  class space    used 6584K, committed 7104K, reserved 1048576K
}
Event: 16.801 GC heap after
{Heap after GC invocations=501 (full 3):
 PSYoungGen      total 1536K, used 288K [0x00000000d5580000, 0x00000000d5880000, 0x0000000100000000)
  eden space 1024K, 0% used [0x00000000d5580000,0x00000000d5580000,0x00000000d5680000)
  from space 512K, 56% used [0x00000000d5800000,0x00000000d5848000,0x00000000d5880000)
  to   space 512K, 0% used [0x00000000d5780000,0x00000000d5780000,0x00000000d5800000)
 ParOldGen       total 377856K, used 377683K [0x0000000080000000, 0x0000000097100000, 0x00000000d5580000)
  object space 377856K, 99% used [0x0000000080000000,0x00000000970d4d10,0x0000000097100000)
 Metaspace       used 61314K, committed 62528K, reserved 1114112K
  class space    used 6584K, committed 7104K, reserved 1048576K
}
Event: 16.814 GC heap before
{Heap before GC invocations=502 (full 3):
 PSYoungGen      total 1536K, used 1312K [0x00000000d5580000, 0x00000000d5880000, 0x0000000100000000)
  eden space 1024K, 100% used [0x00000000d5580000,0x00000000d5680000,0x00000000d5680000)
  from space 512K, 56% used [0x00000000d5800000,0x00000000d5848000,0x00000000d5880000)
  to   space 512K, 0% used [0x00000000d5780000,0x00000000d5780000,0x00000000d5800000)
 ParOldGen       total 377856K, used 377683K [0x0000000080000000, 0x0000000097100000, 0x00000000d5580000)
  object space 377856K, 99% used [0x0000000080000000,0x00000000970d4d10,0x0000000097100000)
 Metaspace       used 61342K, committed 62592K, reserved 1114112K
  class space    used 6586K, committed 7104K, reserved 1048576K
}
Event: 16.816 GC heap after
{Heap after GC invocations=502 (full 3):
 PSYoungGen      total 1536K, used 352K [0x00000000d5580000, 0x00000000d5880000, 0x0000000100000000)
  eden space 1024K, 0% used [0x00000000d5580000,0x00000000d5580000,0x00000000d5680000)
  from space 512K, 68% used [0x00000000d5780000,0x00000000d57d8000,0x00000000d5800000)
  to   space 512K, 0% used [0x00000000d5800000,0x00000000d5800000,0x00000000d5880000)
 ParOldGen       total 377856K, used 377835K [0x0000000080000000, 0x0000000097100000, 0x00000000d5580000)
  object space 377856K, 99% used [0x0000000080000000,0x00000000970fad30,0x0000000097100000)
 Metaspace       used 61342K, committed 62592K, reserved 1114112K
  class space    used 6586K, committed 7104K, reserved 1048576K
}
Event: 16.833 GC heap before
{Heap before GC invocations=503 (full 3):
 PSYoungGen      total 1536K, used 1376K [0x00000000d5580000, 0x00000000d5880000, 0x0000000100000000)
  eden space 1024K, 100% used [0x00000000d5580000,0x00000000d5680000,0x00000000d5680000)
  from space 512K, 68% used [0x00000000d5780000,0x00000000d57d8000,0x00000000d5800000)
  to   space 512K, 0% used [0x00000000d5800000,0x00000000d5800000,0x00000000d5880000)
 ParOldGen       total 377856K, used 377835K [0x0000000080000000, 0x0000000097100000, 0x00000000d5580000)
  object space 377856K, 99% used [0x0000000080000000,0x00000000970fad30,0x0000000097100000)
 Metaspace       used 61365K, committed 62656K, reserved 1114112K
  class space    used 6586K, committed 7104K, reserved 1048576K
}
Event: 16.834 GC heap after
{Heap after GC invocations=503 (full 3):
 PSYoungGen      total 1536K, used 320K [0x00000000d5580000, 0x00000000d5880000, 0x0000000100000000)
  eden space 1024K, 0% used [0x00000000d5580000,0x00000000d5580000,0x00000000d5680000)
  from space 512K, 62% used [0x00000000d5800000,0x00000000d5850000,0x00000000d5880000)
  to   space 512K, 0% used [0x00000000d5780000,0x00000000d5780000,0x00000000d5800000)
 ParOldGen       total 378368K, used 377987K [0x0000000080000000, 0x0000000097180000, 0x00000000d5580000)
  object space 378368K, 99% used [0x0000000080000000,0x0000000097120d30,0x0000000097180000)
 Metaspace       used 61365K, committed 62656K, reserved 1114112K
  class space    used 6586K, committed 7104K, reserved 1048576K
}
Event: 16.849 GC heap before
{Heap before GC invocations=504 (full 3):
 PSYoungGen      total 1536K, used 1344K [0x00000000d5580000, 0x00000000d5880000, 0x0000000100000000)
  eden space 1024K, 100% used [0x00000000d5580000,0x00000000d5680000,0x00000000d5680000)
  from space 512K, 62% used [0x00000000d5800000,0x00000000d5850000,0x00000000d5880000)
  to   space 512K, 0% used [0x00000000d5780000,0x00000000d5780000,0x00000000d5800000)
 ParOldGen       total 378368K, used 377987K [0x0000000080000000, 0x0000000097180000, 0x00000000d5580000)
  object space 378368K, 99% used [0x0000000080000000,0x0000000097120d30,0x0000000097180000)
 Metaspace       used 61410K, committed 62656K, reserved 1114112K
  class space    used 6586K, committed 7104K, reserved 1048576K
}
Event: 16.850 GC heap after
{Heap after GC invocations=504 (full 3):
 PSYoungGen      total 1536K, used 288K [0x00000000d5580000, 0x00000000d5880000, 0x0000000100000000)
  eden space 1024K, 0% used [0x00000000d5580000,0x00000000d5580000,0x00000000d5680000)
  from space 512K, 56% used [0x00000000d5780000,0x00000000d57c8000,0x00000000d5800000)
  to   space 512K, 0% used [0x00000000d5800000,0x00000000d5800000,0x00000000d5880000)
 ParOldGen       total 378368K, used 378211K [0x0000000080000000, 0x0000000097180000, 0x00000000d5580000)
  object space 378368K, 99% used [0x0000000080000000,0x0000000097158d50,0x0000000097180000)
 Metaspace       used 61410K, committed 62656K, reserved 1114112K
  class space    used 6586K, committed 7104K, reserved 1048576K
}
Event: 16.863 GC heap before
{Heap before GC invocations=505 (full 3):
 PSYoungGen      total 1536K, used 1311K [0x00000000d5580000, 0x00000000d5880000, 0x0000000100000000)
  eden space 1024K, 99% used [0x00000000d5580000,0x00000000d567ffe8,0x00000000d5680000)
  from space 512K, 56% used [0x00000000d5780000,0x00000000d57c8000,0x00000000d5800000)
  to   space 512K, 0% used [0x00000000d5800000,0x00000000d5800000,0x00000000d5880000)
 ParOldGen       total 378368K, used 378211K [0x0000000080000000, 0x0000000097180000, 0x00000000d5580000)
  object space 378368K, 99% used [0x0000000080000000,0x0000000097158d50,0x0000000097180000)
 Metaspace       used 61450K, committed 62720K, reserved 1114112K
  class space    used 6587K, committed 7104K, reserved 1048576K
}
Event: 16.865 GC heap after
{Heap after GC invocations=505 (full 3):
 PSYoungGen      total 1536K, used 320K [0x00000000d5580000, 0x00000000d5880000, 0x0000000100000000)
  eden space 1024K, 0% used [0x00000000d5580000,0x00000000d5580000,0x00000000d5680000)
  from space 512K, 62% used [0x00000000d5800000,0x00000000d5850000,0x00000000d5880000)
  to   space 512K, 0% used [0x00000000d5780000,0x00000000d5780000,0x00000000d5800000)
 ParOldGen       total 378880K, used 378387K [0x0000000080000000, 0x0000000097200000, 0x00000000d5580000)
  object space 378880K, 99% used [0x0000000080000000,0x0000000097184d50,0x0000000097200000)
 Metaspace       used 61450K, committed 62720K, reserved 1114112K
  class space    used 6587K, committed 7104K, reserved 1048576K
}
Event: 16.882 GC heap before
{Heap before GC invocations=506 (full 3):
 PSYoungGen      total 1536K, used 1344K [0x00000000d5580000, 0x00000000d5880000, 0x0000000100000000)
  eden space 1024K, 100% used [0x00000000d5580000,0x00000000d5680000,0x00000000d5680000)
  from space 512K, 62% used [0x00000000d5800000,0x00000000d5850000,0x00000000d5880000)
  to   space 512K, 0% used [0x00000000d5780000,0x00000000d5780000,0x00000000d5800000)
 ParOldGen       total 378880K, used 378387K [0x0000000080000000, 0x0000000097200000, 0x00000000d5580000)
  object space 378880K, 99% used [0x0000000080000000,0x0000000097184d50,0x0000000097200000)
 Metaspace       used 61485K, committed 62720K, reserved 1114112K
  class space    used 6587K, committed 7104K, reserved 1048576K
}
Event: 16.884 GC heap after
{Heap after GC invocations=506 (full 3):
 PSYoungGen      total 1536K, used 320K [0x00000000d5580000, 0x00000000d5880000, 0x0000000100000000)
  eden space 1024K, 0% used [0x00000000d5580000,0x00000000d5580000,0x00000000d5680000)
  from space 512K, 62% used [0x00000000d5780000,0x00000000d57d0000,0x00000000d5800000)
  to   space 512K, 0% used [0x00000000d5800000,0x00000000d5800000,0x00000000d5880000)
 ParOldGen       total 378880K, used 378579K [0x0000000080000000, 0x0000000097200000, 0x00000000d5580000)
  object space 378880K, 99% used [0x0000000080000000,0x00000000971b4d70,0x0000000097200000)
 Metaspace       used 61485K, committed 62720K, reserved 1114112K
  class space    used 6587K, committed 7104K, reserved 1048576K
}
Event: 16.902 GC heap before
{Heap before GC invocations=507 (full 3):
 PSYoungGen      total 1536K, used 1344K [0x00000000d5580000, 0x00000000d5880000, 0x0000000100000000)
  eden space 1024K, 100% used [0x00000000d5580000,0x00000000d5680000,0x00000000d5680000)
  from space 512K, 62% used [0x00000000d5780000,0x00000000d57d0000,0x00000000d5800000)
  to   space 512K, 0% used [0x00000000d5800000,0x00000000d5800000,0x00000000d5880000)
 ParOldGen       total 378880K, used 378579K [0x0000000080000000, 0x0000000097200000, 0x00000000d5580000)
  object space 378880K, 99% used [0x0000000080000000,0x00000000971b4d70,0x0000000097200000)
 Metaspace       used 61510K, committed 62784K, reserved 1114112K
  class space    used 6590K, committed 7104K, reserved 1048576K
}
Event: 16.903 GC heap after
{Heap after GC invocations=507 (full 3):
 PSYoungGen      total 1536K, used 352K [0x00000000d5580000, 0x00000000d5880000, 0x0000000100000000)
  eden space 1024K, 0% used [0x00000000d5580000,0x00000000d5580000,0x00000000d5680000)
  from space 512K, 68% used [0x00000000d5800000,0x00000000d5858000,0x00000000d5880000)
  to   space 512K, 0% used [0x00000000d5780000,0x00000000d5780000,0x00000000d5800000)
 ParOldGen       total 378880K, used 378739K [0x0000000080000000, 0x0000000097200000, 0x00000000d5580000)
  object space 378880K, 99% used [0x0000000080000000,0x00000000971dcd70,0x0000000097200000)
 Metaspace       used 61510K, committed 62784K, reserved 1114112K
  class space    used 6590K, committed 7104K, reserved 1048576K
}
Event: 16.917 GC heap before
{Heap before GC invocations=508 (full 3):
 PSYoungGen      total 1536K, used 1376K [0x00000000d5580000, 0x00000000d5880000, 0x0000000100000000)
  eden space 1024K, 100% used [0x00000000d5580000,0x00000000d5680000,0x00000000d5680000)
  from space 512K, 68% used [0x00000000d5800000,0x00000000d5858000,0x00000000d5880000)
  to   space 512K, 0% used [0x00000000d5780000,0x00000000d5780000,0x00000000d5800000)
 ParOldGen       total 378880K, used 378739K [0x0000000080000000, 0x0000000097200000, 0x00000000d5580000)
  object space 378880K, 99% used [0x0000000080000000,0x00000000971dcd70,0x0000000097200000)
 Metaspace       used 61525K, committed 62784K, reserved 1114112K
  class space    used 6590K, committed 7104K, reserved 1048576K
}
Event: 16.918 GC heap after
{Heap after GC invocations=508 (full 3):
 PSYoungGen      total 1536K, used 320K [0x00000000d5580000, 0x00000000d5880000, 0x0000000100000000)
  eden space 1024K, 0% used [0x00000000d5580000,0x00000000d5580000,0x00000000d5680000)
  from space 512K, 62% used [0x00000000d5780000,0x00000000d57d0000,0x00000000d5800000)
  to   space 512K, 0% used [0x00000000d5800000,0x00000000d5800000,0x00000000d5880000)
 ParOldGen       total 379392K, used 378963K [0x0000000080000000, 0x0000000097280000, 0x00000000d5580000)
  object space 379392K, 99% used [0x0000000080000000,0x0000000097214d90,0x0000000097280000)
 Metaspace       used 61525K, committed 62784K, reserved 1114112K
  class space    used 6590K, committed 7104K, reserved 1048576K
}
Event: 16.931 GC heap before
{Heap before GC invocations=509 (full 3):
 PSYoungGen      total 1536K, used 1344K [0x00000000d5580000, 0x00000000d5880000, 0x0000000100000000)
  eden space 1024K, 100% used [0x00000000d5580000,0x00000000d5680000,0x00000000d5680000)
  from space 512K, 62% used [0x00000000d5780000,0x00000000d57d0000,0x00000000d5800000)
  to   space 512K, 0% used [0x00000000d5800000,0x00000000d5800000,0x00000000d5880000)
 ParOldGen       total 379392K, used 378963K [0x0000000080000000, 0x0000000097280000, 0x00000000d5580000)
  object space 379392K, 99% used [0x0000000080000000,0x0000000097214d90,0x0000000097280000)
 Metaspace       used 61597K, committed 62848K, reserved 1114112K
  class space    used 6590K, committed 7104K, reserved 1048576K
}
Event: 16.933 GC heap after
{Heap after GC invocations=509 (full 3):
 PSYoungGen      total 1536K, used 384K [0x00000000d5580000, 0x00000000d5880000, 0x0000000100000000)
  eden space 1024K, 0% used [0x00000000d5580000,0x00000000d5580000,0x00000000d5680000)
  from space 512K, 75% used [0x00000000d5800000,0x00000000d5860000,0x00000000d5880000)
  to   space 512K, 0% used [0x00000000d5780000,0x00000000d5780000,0x00000000d5800000)
 ParOldGen       total 379392K, used 379147K [0x0000000080000000, 0x0000000097280000, 0x00000000d5580000)
  object space 379392K, 99% used [0x0000000080000000,0x0000000097242db0,0x0000000097280000)
 Metaspace       used 61597K, committed 62848K, reserved 1114112K
  class space    used 6590K, committed 7104K, reserved 1048576K
}
Event: 16.943 GC heap before
{Heap before GC invocations=510 (full 3):
 PSYoungGen      total 1536K, used 1408K [0x00000000d5580000, 0x00000000d5880000, 0x0000000100000000)
  eden space 1024K, 100% used [0x00000000d5580000,0x00000000d5680000,0x00000000d5680000)
  from space 512K, 75% used [0x00000000d5800000,0x00000000d5860000,0x00000000d5880000)
  to   space 512K, 0% used [0x00000000d5780000,0x00000000d5780000,0x00000000d5800000)
 ParOldGen       total 379392K, used 379147K [0x0000000080000000, 0x0000000097280000, 0x00000000d5580000)
  object space 379392K, 99% used [0x0000000080000000,0x0000000097242db0,0x0000000097280000)
 Metaspace       used 61605K, committed 62848K, reserved 1114112K
  class space    used 6590K, committed 7104K, reserved 1048576K
}
Event: 16.945 GC heap after
{Heap after GC invocations=510 (full 3):
 PSYoungGen      total 1536K, used 320K [0x00000000d5580000, 0x00000000d5880000, 0x0000000100000000)
  eden space 1024K, 0% used [0x00000000d5580000,0x00000000d5580000,0x00000000d5680000)
  from space 512K, 62% used [0x00000000d5780000,0x00000000d57d0000,0x00000000d5800000)
  to   space 512K, 0% used [0x00000000d5800000,0x00000000d5800000,0x00000000d5880000)
 ParOldGen       total 379392K, used 379355K [0x0000000080000000, 0x0000000097280000, 0x00000000d5580000)
  object space 379392K, 99% used [0x0000000080000000,0x0000000097276dd0,0x0000000097280000)
 Metaspace       used 61605K, committed 62848K, reserved 1114112K
  class space    used 6590K, committed 7104K, reserved 1048576K
}

Dll operation events (12 events):
Event: 0.010 Loaded shared library c:\Users\Hamza tabani\.vscode\extensions\redhat.java-1.44.0-win32-x64\jre\21.0.8-win32-x86_64\bin\java.dll
Event: 0.081 Loaded shared library c:\Users\Hamza tabani\.vscode\extensions\redhat.java-1.44.0-win32-x64\jre\21.0.8-win32-x86_64\bin\zip.dll
Event: 0.101 Loaded shared library C:\Users\Hamza tabani\.vscode\extensions\redhat.java-1.44.0-win32-x64\jre\21.0.8-win32-x86_64\bin\instrument.dll
Event: 0.105 Loaded shared library C:\Users\Hamza tabani\.vscode\extensions\redhat.java-1.44.0-win32-x64\jre\21.0.8-win32-x86_64\bin\net.dll
Event: 0.107 Loaded shared library C:\Users\Hamza tabani\.vscode\extensions\redhat.java-1.44.0-win32-x64\jre\21.0.8-win32-x86_64\bin\nio.dll
Event: 0.110 Loaded shared library C:\Users\Hamza tabani\.vscode\extensions\redhat.java-1.44.0-win32-x64\jre\21.0.8-win32-x86_64\bin\zip.dll
Event: 0.128 Loaded shared library C:\Users\Hamza tabani\.vscode\extensions\redhat.java-1.44.0-win32-x64\jre\21.0.8-win32-x86_64\bin\jimage.dll
Event: 0.200 Loaded shared library c:\Users\Hamza tabani\.vscode\extensions\redhat.java-1.44.0-win32-x64\jre\21.0.8-win32-x86_64\bin\verify.dll
Event: 1.420 Loaded shared library C:\Users\Hamza tabani\AppData\Roaming\Code\User\globalStorage\redhat.java\1.44.0\config_win\org.eclipse.equinox.launcher\org.eclipse.equinox.launcher.win32.win32.x86_64_1.2.1400.v20250730-1736\eclipse_11913.dll
Event: 3.069 Loaded shared library C:\Users\Hamza tabani\AppData\Local\Temp\jna-84987212\jna8601497183770854237.dll
Event: 7.199 Loaded shared library C:\Users\Hamza tabani\.vscode\extensions\redhat.java-1.44.0-win32-x64\jre\21.0.8-win32-x86_64\bin\sunmscapi.dll
Event: 7.531 Loaded shared library C:\Users\Hamza tabani\.vscode\extensions\redhat.java-1.44.0-win32-x64\jre\21.0.8-win32-x86_64\bin\extnet.dll

Deoptimization events (20 events):
Event: 16.885 Thread 0x000002245e657ec0 DEOPT PACKING pc=0x000002240b271d10 sp=0x0000009d390fddf0
Event: 16.885 Thread 0x000002245e657ec0 DEOPT UNPACKING pc=0x000002240a6b3aa2 sp=0x0000009d390fdd70 mode 2
Event: 16.885 Thread 0x000002245e657ec0 Uncommon trap: trap_request=0xffffffd6 fr.pc=0x000002240b271d10 relative=0x0000000000000350
Event: 16.885 Thread 0x000002245e657ec0 Uncommon trap: reason=array_check action=maybe_recompile pc=0x000002240b271d10 method=org.eclipse.core.internal.resources.MarkerSet.add(Lorg/eclipse/core/internal/resources/IMarkerSetElement;)V @ 42 c2
Event: 16.885 Thread 0x000002245e657ec0 DEOPT PACKING pc=0x000002240b271d10 sp=0x0000009d390fdf50
Event: 16.885 Thread 0x000002245e657ec0 DEOPT UNPACKING pc=0x000002240a6b3aa2 sp=0x0000009d390fdee0 mode 2
Event: 16.885 Thread 0x000002245e657ec0 Uncommon trap: trap_request=0xffffffd6 fr.pc=0x000002240b271d10 relative=0x0000000000000350
Event: 16.885 Thread 0x000002245e657ec0 Uncommon trap: reason=array_check action=maybe_recompile pc=0x000002240b271d10 method=org.eclipse.core.internal.resources.MarkerSet.add(Lorg/eclipse/core/internal/resources/IMarkerSetElement;)V @ 42 c2
Event: 16.885 Thread 0x000002245e657ec0 DEOPT PACKING pc=0x000002240b271d10 sp=0x0000009d390fddf0
Event: 16.885 Thread 0x000002245e657ec0 DEOPT UNPACKING pc=0x000002240a6b3aa2 sp=0x0000009d390fdd70 mode 2
Event: 16.936 Thread 0x000002246259d260 DEOPT PACKING pc=0x0000022403b1b49b sp=0x0000009d38bfe930
Event: 16.936 Thread 0x000002246259d260 DEOPT UNPACKING pc=0x000002240a6b4242 sp=0x0000009d38bfddc8 mode 0
Event: 16.946 Thread 0x000002245e657ec0 DEOPT PACKING pc=0x000002240338d1cd sp=0x0000009d390fd9d0
Event: 16.946 Thread 0x000002245e657ec0 DEOPT UNPACKING pc=0x000002240a6b4242 sp=0x0000009d390fce30 mode 0
Event: 16.947 Thread 0x000002246259d260 DEOPT PACKING pc=0x0000022403b1b49b sp=0x0000009d38bfe930
Event: 16.947 Thread 0x000002246259d260 DEOPT UNPACKING pc=0x000002240a6b4242 sp=0x0000009d38bfddc8 mode 0
Event: 16.949 Thread 0x000002245e6571a0 Uncommon trap: trap_request=0xffffffde fr.pc=0x000002240b281e98 relative=0x0000000000000278
Event: 16.949 Thread 0x000002245e6571a0 Uncommon trap: reason=class_check action=maybe_recompile pc=0x000002240b281e98 method=org.eclipse.jdt.internal.core.index.DiskIndex.writeCategoryTable([CLorg/eclipse/jdt/internal/compiler/util/HashtableOfObject;Ljava/io/OutputStream;)V @ 63 c2
Event: 16.949 Thread 0x000002245e6571a0 DEOPT PACKING pc=0x000002240b281e98 sp=0x0000009d38cff050
Event: 16.949 Thread 0x000002245e6571a0 DEOPT UNPACKING pc=0x000002240a6b3aa2 sp=0x0000009d38cff028 mode 2

Classes loaded (20 events):
Event: 16.584 Loading class java/util/concurrent/ArrayBlockingQueue
Event: 16.584 Loading class java/util/concurrent/ArrayBlockingQueue done
Event: 16.641 Loading class java/util/Hashtable$ValueCollection
Event: 16.641 Loading class java/util/Hashtable$ValueCollection done
Event: 16.646 Loading class java/util/stream/ReferencePipeline$4
Event: 16.646 Loading class java/util/stream/ReferencePipeline$4 done
Event: 16.646 Loading class java/util/stream/Nodes$IntFixedNodeBuilder
Event: 16.646 Loading class java/util/stream/Node$Builder$OfInt
Event: 16.646 Loading class java/util/stream/Node$Builder$OfInt done
Event: 16.646 Loading class java/util/stream/Nodes$IntArrayNode
Event: 16.647 Loading class java/util/stream/Nodes$IntArrayNode done
Event: 16.647 Loading class java/util/stream/Nodes$IntFixedNodeBuilder done
Event: 16.647 Loading class java/util/stream/ReferencePipeline$4$1
Event: 16.647 Loading class java/util/stream/ReferencePipeline$4$1 done
Event: 16.657 Loading class jdk/internal/math/FormattedFPDecimal
Event: 16.657 Loading class jdk/internal/math/FormattedFPDecimal done
Event: 16.658 Loading class java/util/concurrent/ConcurrentHashMap$KeySpliterator
Event: 16.658 Loading class java/util/concurrent/ConcurrentHashMap$KeySpliterator done
Event: 16.668 Loading class sun/nio/ch/ChannelOutputStream
Event: 16.668 Loading class sun/nio/ch/ChannelOutputStream done

Classes unloaded (7 events):
Event: 6.170 Thread 0x000002247e55f9d0 Unloading class 0x00000224181ac800 'java/lang/invoke/LambdaForm$MH+0x00000224181ac800'
Event: 6.170 Thread 0x000002247e55f9d0 Unloading class 0x00000224181ac400 'java/lang/invoke/LambdaForm$MH+0x00000224181ac400'
Event: 6.170 Thread 0x000002247e55f9d0 Unloading class 0x00000224181ac000 'java/lang/invoke/LambdaForm$MH+0x00000224181ac000'
Event: 6.170 Thread 0x000002247e55f9d0 Unloading class 0x00000224181abc00 'java/lang/invoke/LambdaForm$MH+0x00000224181abc00'
Event: 6.170 Thread 0x000002247e55f9d0 Unloading class 0x00000224181ab800 'java/lang/invoke/LambdaForm$BMH+0x00000224181ab800'
Event: 6.170 Thread 0x000002247e55f9d0 Unloading class 0x00000224181ab400 'java/lang/invoke/LambdaForm$DMH+0x00000224181ab400'
Event: 6.170 Thread 0x000002247e55f9d0 Unloading class 0x00000224181aa000 'java/lang/invoke/LambdaForm$DMH+0x00000224181aa000'

Classes redefined (0 events):
No events

Internal exceptions (20 events):
Event: 9.514 Thread 0x000002245f238060 Exception <a 'sun/nio/fs/WindowsException'{0x00000000d5cb4478}> (0x00000000d5cb4478) 
thrown [s\src\hotspot\share\prims\jni.cpp, line 520]
Event: 9.514 Thread 0x000002245f238d80 Exception <a 'sun/nio/fs/WindowsException'{0x00000000d5d00148}> (0x00000000d5d00148) 
thrown [s\src\hotspot\share\prims\jni.cpp, line 520]
Event: 9.515 Thread 0x000002245f238d80 Exception <a 'sun/nio/fs/WindowsException'{0x00000000d5d021a0}> (0x00000000d5d021a0) 
thrown [s\src\hotspot\share\prims\jni.cpp, line 520]
Event: 9.515 Thread 0x000002245f235f90 Exception <a 'sun/nio/fs/WindowsException'{0x00000000d5c282e0}> (0x00000000d5c282e0) 
thrown [s\src\hotspot\share\prims\jni.cpp, line 520]
Event: 9.516 Thread 0x000002245f2386f0 Exception <a 'sun/nio/fs/WindowsException'{0x00000000d5c20458}> (0x00000000d5c20458) 
thrown [s\src\hotspot\share\prims\jni.cpp, line 520]
Event: 9.516 Thread 0x000002245f238d80 Exception <a 'sun/nio/fs/WindowsException'{0x00000000d5d06140}> (0x00000000d5d06140) 
thrown [s\src\hotspot\share\prims\jni.cpp, line 520]
Event: 9.517 Thread 0x000002245f2386f0 Exception <a 'sun/nio/fs/WindowsException'{0x00000000d5c21b10}> (0x00000000d5c21b10) 
thrown [s\src\hotspot\share\prims\jni.cpp, line 520]
Event: 9.518 Thread 0x000002245f236cb0 Exception <a 'sun/nio/fs/WindowsException'{0x00000000d5d442b8}> (0x00000000d5d442b8) 
thrown [s\src\hotspot\share\prims\jni.cpp, line 520]
Event: 9.519 Thread 0x000002245f236cb0 Exception <a 'sun/nio/fs/WindowsException'{0x00000000d5d46eb0}> (0x00000000d5d46eb0) 
thrown [s\src\hotspot\share\prims\jni.cpp, line 520]
Event: 9.519 Thread 0x000002245f239410 Exception <a 'sun/nio/fs/WindowsException'{0x00000000d5d8aa68}> (0x00000000d5d8aa68) 
thrown [s\src\hotspot\share\prims\jni.cpp, line 520]
Event: 9.519 Thread 0x000002245f239410 Exception <a 'sun/nio/fs/WindowsException'{0x00000000d5d8c0a0}> (0x00000000d5d8c0a0) 
thrown [s\src\hotspot\share\prims\jni.cpp, line 520]
Event: 9.523 Thread 0x000002245f236620 Exception <a 'sun/nio/fs/WindowsException'{0x00000000d5d96e30}> (0x00000000d5d96e30) 
thrown [s\src\hotspot\share\prims\jni.cpp, line 520]
Event: 12.004 Thread 0x000002245e6571a0 Implicit null exception at 0x000002240b0f849c to 0x000002240b0fcf94
Event: 13.880 Thread 0x000002245e657ec0 Implicit null exception at 0x000002240adc3225 to 0x000002240adc3594
Event: 13.900 Thread 0x0000022460e56430 Exception <a 'java/lang/IncompatibleClassChangeError'{0x00000000d56a4878}: Found class java.lang.Object, but interface was expected> (0x00000000d56a4878) 
thrown [s\src\hotspot\share\interpreter\linkResolver.cpp, line 840]
Event: 16.383 Thread 0x000002245e657ec0 Exception <a 'java/lang/NoSuchMethodError'{0x00000000d55c9d40}: 'int java.lang.invoke.DirectMethodHandle$Holder.invokeSpecialIFC(java.lang.Object, java.lang.Object, java.lang.Object)'> (0x00000000d55c9d40) 
thrown [s\src\hotspot\share\interpreter\linkResolver.cpp, line 773]
Event: 16.401 Thread 0x000002245e657ec0 Implicit null exception at 0x000002240ada1ae3 to 0x000002240ada2138
Event: 16.608 Thread 0x000002246259d260 Implicit null exception at 0x000002240adcd95e to 0x000002240adcd998
Event: 16.651 Thread 0x000002245e657ec0 Exception <a 'java/lang/NoSuchMethodError'{0x00000000d56226c8}: 'int java.lang.invoke.DirectMethodHandle$Holder.invokeSpecialIFC(java.lang.Object, java.lang.Object, java.lang.Object, java.lang.Object)'> (0x00000000d56226c8) 
thrown [s\src\hotspot\share\interpreter\linkResolver.cpp, line 773]
Event: 16.664 Thread 0x000002245e657ec0 Exception <a 'java/lang/NoSuchMethodError'{0x00000000d55fc918}: 'java.lang.Object java.lang.invoke.DirectMethodHandle$Holder.newInvokeSpecial(java.lang.Object, java.lang.Object, int, int, java.lang.Object)'> (0x00000000d55fc918) 
thrown [s\src\hotspot\share\interpreter\linkResolver.cpp, line 773]

ZGC Phase Switch (0 events):
No events

VM Operations (20 events):
Event: 16.799 Executing VM operation: ParallelGCFailedAllocation (Allocation Failure)
Event: 16.801 Executing VM operation: ParallelGCFailedAllocation (Allocation Failure) done
Event: 16.814 Executing VM operation: ParallelGCFailedAllocation (Allocation Failure)
Event: 16.816 Executing VM operation: ParallelGCFailedAllocation (Allocation Failure) done
Event: 16.833 Executing VM operation: ParallelGCFailedAllocation (Allocation Failure)
Event: 16.834 Executing VM operation: ParallelGCFailedAllocation (Allocation Failure) done
Event: 16.848 Executing VM operation: ParallelGCFailedAllocation (Allocation Failure)
Event: 16.850 Executing VM operation: ParallelGCFailedAllocation (Allocation Failure) done
Event: 16.863 Executing VM operation: ParallelGCFailedAllocation (Allocation Failure)
Event: 16.865 Executing VM operation: ParallelGCFailedAllocation (Allocation Failure) done
Event: 16.882 Executing VM operation: ParallelGCFailedAllocation (Allocation Failure)
Event: 16.884 Executing VM operation: ParallelGCFailedAllocation (Allocation Failure) done
Event: 16.902 Executing VM operation: ParallelGCFailedAllocation (Allocation Failure)
Event: 16.903 Executing VM operation: ParallelGCFailedAllocation (Allocation Failure) done
Event: 16.917 Executing VM operation: ParallelGCFailedAllocation (Allocation Failure)
Event: 16.918 Executing VM operation: ParallelGCFailedAllocation (Allocation Failure) done
Event: 16.931 Executing VM operation: ParallelGCFailedAllocation (Allocation Failure)
Event: 16.933 Executing VM operation: ParallelGCFailedAllocation (Allocation Failure) done
Event: 16.943 Executing VM operation: ParallelGCFailedAllocation (Allocation Failure)
Event: 16.945 Executing VM operation: ParallelGCFailedAllocation (Allocation Failure) done

Memory protections (0 events):
No events

Nmethod flushes (20 events):
Event: 12.490 Thread 0x000002247e55f9d0 flushing  nmethod 0x00000224039fba10
Event: 12.490 Thread 0x000002247e55f9d0 flushing  nmethod 0x00000224039fc910
Event: 12.490 Thread 0x000002247e55f9d0 flushing  nmethod 0x0000022403a0d510
Event: 12.490 Thread 0x000002247e55f9d0 flushing  nmethod 0x0000022403a10110
Event: 12.490 Thread 0x000002247e55f9d0 flushing  nmethod 0x0000022403a11990
Event: 12.490 Thread 0x000002247e55f9d0 flushing  nmethod 0x0000022403a11f90
Event: 12.490 Thread 0x000002247e55f9d0 flushing  nmethod 0x0000022403a12810
Event: 12.490 Thread 0x000002247e55f9d0 flushing  nmethod 0x0000022403a14e10
Event: 12.490 Thread 0x000002247e55f9d0 flushing  nmethod 0x0000022403a31890
Event: 12.490 Thread 0x000002247e55f9d0 flushing  nmethod 0x0000022403a34d90
Event: 12.490 Thread 0x000002247e55f9d0 flushing  nmethod 0x0000022403a4d790
Event: 12.490 Thread 0x000002247e55f9d0 flushing  nmethod 0x0000022403a6c790
Event: 12.490 Thread 0x000002247e55f9d0 flushing  nmethod 0x0000022403a6d910
Event: 12.490 Thread 0x000002247e55f9d0 flushing  nmethod 0x0000022403a6f310
Event: 12.490 Thread 0x000002247e55f9d0 flushing  nmethod 0x0000022403ab1810
Event: 12.490 Thread 0x000002247e55f9d0 flushing  nmethod 0x0000022403ac6010
Event: 12.490 Thread 0x000002247e55f9d0 flushing  nmethod 0x0000022403ae5910
Event: 12.490 Thread 0x000002247e55f9d0 flushing  nmethod 0x0000022403ae8290
Event: 12.490 Thread 0x000002247e55f9d0 flushing  nmethod 0x0000022403ae8b90
Event: 12.490 Thread 0x000002247e55f9d0 flushing  nmethod 0x0000022403ae9590

Events (20 events):
Event: 11.197 Thread 0x000002245d0b62b0 Thread exited: 0x000002245d0b62b0
Event: 12.603 Thread 0x000002245e7cc040 Thread exited: 0x000002245e7cc040
Event: 12.669 Thread 0x000002241630e5d0 Thread added: 0x000002246098f5c0
Event: 13.422 Thread 0x000002246098f5c0 Thread exited: 0x000002246098f5c0
Event: 13.548 Thread 0x000002245d122360 Thread exited: 0x000002245d122360
Event: 14.237 Thread 0x000002241630e5d0 Thread added: 0x0000022460991100
Event: 15.239 Thread 0x000002241630e5d0 Thread added: 0x00000224609917d0
Event: 15.538 Thread 0x00000224609917d0 Thread exited: 0x00000224609917d0
Event: 15.680 Thread 0x00000224162ecfd0 Thread added: 0x000002246098e150
Event: 16.008 Thread 0x000002246098e150 Thread exited: 0x000002246098e150
Event: 16.008 Thread 0x0000022460991100 Thread exited: 0x0000022460991100
Event: 16.314 Thread 0x000002241630e5d0 Thread added: 0x0000022460991100
Event: 16.325 Thread 0x0000022460991100 Thread added: 0x000002246098e820
Event: 16.584 Thread 0x000002245e657ec0 Thread added: 0x000002246259d260
Event: 16.665 Thread 0x000002245e657ec0 Thread added: 0x000002246259a470
Event: 16.718 Thread 0x000002245e657ec0 Thread added: 0x000002246259f9c0
Event: 16.718 Thread 0x000002245e657ec0 Thread added: 0x000002246259df80
Event: 16.727 Thread 0x000002245e657ec0 Thread added: 0x00000224625a0d70
Event: 16.727 Thread 0x000002245e657ec0 Thread added: 0x00000224625a1a90
Event: 16.729 Thread 0x000002245e657ec0 Thread added: 0x000002246259d8f0


Dynamic libraries:
0x00007ff771670000 - 0x00007ff77167e000 	c:\Users\Hamza tabani\.vscode\extensions\redhat.java-1.44.0-win32-x64\jre\21.0.8-win32-x86_64\bin\java.exe
0x00007ffc4a130000 - 0x00007ffc4a328000 	C:\Windows\SYSTEM32\ntdll.dll
0x00007ffc49660000 - 0x00007ffc49722000 	C:\Windows\System32\KERNEL32.DLL
0x00007ffc47dd0000 - 0x00007ffc480c7000 	C:\Windows\System32\KERNELBASE.dll
0x00007ffc477c0000 - 0x00007ffc478c0000 	C:\Windows\System32\ucrtbase.dll
0x00007ffc43fa0000 - 0x00007ffc43fbe000 	c:\Users\Hamza tabani\.vscode\extensions\redhat.java-1.44.0-win32-x64\jre\21.0.8-win32-x86_64\bin\VCRUNTIME140.dll
0x00007ffc44120000 - 0x00007ffc44138000 	c:\Users\Hamza tabani\.vscode\extensions\redhat.java-1.44.0-win32-x64\jre\21.0.8-win32-x86_64\bin\jli.dll
0x00007ffc48770000 - 0x00007ffc4890d000 	C:\Windows\System32\USER32.dll
0x00007ffc3adb0000 - 0x00007ffc3b04a000 	C:\Windows\WinSxS\amd64_microsoft.windows.common-controls_6595b64144ccf1df_6.0.19041.5915_none_60b4b9d171f9c7c7\COMCTL32.dll
0x00007ffc48cc0000 - 0x00007ffc48d5e000 	C:\Windows\System32\msvcrt.dll
0x00007ffc48c90000 - 0x00007ffc48cbb000 	C:\Windows\System32\GDI32.dll
0x00007ffc478c0000 - 0x00007ffc478e2000 	C:\Windows\System32\win32u.dll
0x00007ffc47940000 - 0x00007ffc47a59000 	C:\Windows\System32\gdi32full.dll
0x00007ffc47b10000 - 0x00007ffc47bad000 	C:\Windows\System32\msvcp_win.dll
0x00007ffc48930000 - 0x00007ffc4895f000 	C:\Windows\System32\IMM32.DLL
0x00007ffc45710000 - 0x00007ffc4571c000 	c:\Users\Hamza tabani\.vscode\extensions\redhat.java-1.44.0-win32-x64\jre\21.0.8-win32-x86_64\bin\vcruntime140_1.dll
0x00007ffc1c8e0000 - 0x00007ffc1c96d000 	c:\Users\Hamza tabani\.vscode\extensions\redhat.java-1.44.0-win32-x64\jre\21.0.8-win32-x86_64\bin\msvcp140.dll
0x00007ffbed3d0000 - 0x00007ffbee167000 	c:\Users\Hamza tabani\.vscode\extensions\redhat.java-1.44.0-win32-x64\jre\21.0.8-win32-x86_64\bin\server\jvm.dll
0x00007ffc4a030000 - 0x00007ffc4a0e1000 	C:\Windows\System32\ADVAPI32.dll
0x00007ffc48eb0000 - 0x00007ffc48f4f000 	C:\Windows\System32\sechost.dll
0x00007ffc48640000 - 0x00007ffc48766000 	C:\Windows\System32\RPCRT4.dll
0x00007ffc47d10000 - 0x00007ffc47d37000 	C:\Windows\System32\bcrypt.dll
0x00007ffc490e0000 - 0x00007ffc4914b000 	C:\Windows\System32\WS2_32.dll
0x00007ffc47620000 - 0x00007ffc4766b000 	C:\Windows\SYSTEM32\POWRPROF.dll
0x00007ffc3d370000 - 0x00007ffc3d397000 	C:\Windows\SYSTEM32\WINMM.dll
0x00007ffc3f6b0000 - 0x00007ffc3f6ba000 	C:\Windows\SYSTEM32\VERSION.dll
0x00007ffc47600000 - 0x00007ffc47612000 	C:\Windows\SYSTEM32\UMPDC.dll
0x00007ffc45fc0000 - 0x00007ffc45fd2000 	C:\Windows\SYSTEM32\kernel.appcore.dll
0x00007ffc44470000 - 0x00007ffc4447a000 	c:\Users\Hamza tabani\.vscode\extensions\redhat.java-1.44.0-win32-x64\jre\21.0.8-win32-x86_64\bin\jimage.dll
0x00007ffc45460000 - 0x00007ffc45661000 	C:\Windows\SYSTEM32\DBGHELP.DLL
0x00007ffc3f950000 - 0x00007ffc3f984000 	C:\Windows\SYSTEM32\dbgcore.DLL
0x00007ffc47d40000 - 0x00007ffc47dc2000 	C:\Windows\System32\bcryptPrimitives.dll
0x00007ffc3e8d0000 - 0x00007ffc3e8df000 	c:\Users\Hamza tabani\.vscode\extensions\redhat.java-1.44.0-win32-x64\jre\21.0.8-win32-x86_64\bin\instrument.dll
0x00007ffc3ddd0000 - 0x00007ffc3ddef000 	c:\Users\Hamza tabani\.vscode\extensions\redhat.java-1.44.0-win32-x64\jre\21.0.8-win32-x86_64\bin\java.dll
0x00007ffc49730000 - 0x00007ffc49e9e000 	C:\Windows\System32\SHELL32.dll
0x00007ffc45800000 - 0x00007ffc45fa4000 	C:\Windows\SYSTEM32\windows.storage.dll
0x00007ffc49150000 - 0x00007ffc494a3000 	C:\Windows\System32\combase.dll
0x00007ffc47040000 - 0x00007ffc4706b000 	C:\Windows\SYSTEM32\Wldp.dll
0x00007ffc48bc0000 - 0x00007ffc48c8d000 	C:\Windows\System32\OLEAUT32.dll
0x00007ffc48980000 - 0x00007ffc48a2d000 	C:\Windows\System32\SHCORE.dll
0x00007ffc48e50000 - 0x00007ffc48eab000 	C:\Windows\System32\shlwapi.dll
0x00007ffc476f0000 - 0x00007ffc47714000 	C:\Windows\SYSTEM32\profapi.dll
0x00007ffc38e80000 - 0x00007ffc38e98000 	c:\Users\Hamza tabani\.vscode\extensions\redhat.java-1.44.0-win32-x64\jre\21.0.8-win32-x86_64\bin\zip.dll
0x00007ffc3a5c0000 - 0x00007ffc3a5d0000 	C:\Users\Hamza tabani\.vscode\extensions\redhat.java-1.44.0-win32-x64\jre\21.0.8-win32-x86_64\bin\net.dll
0x00007ffc41140000 - 0x00007ffc4124a000 	C:\Windows\SYSTEM32\WINHTTP.dll
0x00007ffc46e20000 - 0x00007ffc46e8a000 	C:\Windows\system32\mswsock.dll
0x00007ffc34e90000 - 0x00007ffc34ea6000 	C:\Users\Hamza tabani\.vscode\extensions\redhat.java-1.44.0-win32-x64\jre\21.0.8-win32-x86_64\bin\nio.dll
0x00007ffc34340000 - 0x00007ffc34350000 	c:\Users\Hamza tabani\.vscode\extensions\redhat.java-1.44.0-win32-x64\jre\21.0.8-win32-x86_64\bin\verify.dll
0x00007ffc2ea50000 - 0x00007ffc2ea95000 	C:\Users\Hamza tabani\AppData\Roaming\Code\User\globalStorage\redhat.java\1.44.0\config_win\org.eclipse.equinox.launcher\org.eclipse.equinox.launcher.win32.win32.x86_64_1.2.1400.v20250730-1736\eclipse_11913.dll
0x00007ffc49f00000 - 0x00007ffc4a02b000 	C:\Windows\System32\ole32.dll
0x00007ffc47080000 - 0x00007ffc47098000 	C:\Windows\SYSTEM32\CRYPTSP.dll
0x00007ffc46760000 - 0x00007ffc46798000 	C:\Windows\system32\rsaenh.dll
0x00007ffc47670000 - 0x00007ffc4769e000 	C:\Windows\SYSTEM32\USERENV.dll
0x00007ffc46fb0000 - 0x00007ffc46fbc000 	C:\Windows\SYSTEM32\CRYPTBASE.dll
0x00007ffc46b20000 - 0x00007ffc46b5b000 	C:\Windows\SYSTEM32\IPHLPAPI.DLL
0x00007ffc48f50000 - 0x00007ffc48f58000 	C:\Windows\System32\NSI.dll
0x00007ffc2e950000 - 0x00007ffc2e999000 	C:\Users\Hamza tabani\AppData\Local\Temp\jna-84987212\jna8601497183770854237.dll
0x00007ffc48910000 - 0x00007ffc48918000 	C:\Windows\System32\PSAPI.DLL
0x00007ffc41c50000 - 0x00007ffc41c67000 	C:\Windows\SYSTEM32\dhcpcsvc6.DLL
0x00007ffc41c30000 - 0x00007ffc41c4d000 	C:\Windows\SYSTEM32\dhcpcsvc.DLL
0x00007ffc33220000 - 0x00007ffc3322e000 	C:\Users\Hamza tabani\.vscode\extensions\redhat.java-1.44.0-win32-x64\jre\21.0.8-win32-x86_64\bin\sunmscapi.dll
0x00007ffc47bb0000 - 0x00007ffc47d0d000 	C:\Windows\System32\CRYPT32.dll
0x00007ffc47190000 - 0x00007ffc471b7000 	C:\Windows\SYSTEM32\ncrypt.dll
0x00007ffc47150000 - 0x00007ffc4718b000 	C:\Windows\SYSTEM32\NTASN1.dll
0x00007ffc46b60000 - 0x00007ffc46c2a000 	C:\Windows\SYSTEM32\DNSAPI.dll
0x00007ffc40a90000 - 0x00007ffc40a9a000 	C:\Windows\System32\rasadhlp.dll
0x00007ffc40e50000 - 0x00007ffc40ed0000 	C:\Windows\System32\fwpuclnt.dll
0x00007ffc32d50000 - 0x00007ffc32d59000 	C:\Users\Hamza tabani\.vscode\extensions\redhat.java-1.44.0-win32-x64\jre\21.0.8-win32-x86_64\bin\extnet.dll

JVMTI agents:
c:\Users\Hamza tabani\.vscode\extensions\redhat.java-1.44.0-win32-x64\lombok\lombok-1.18.39-4050.jar path:c:\Users\Hamza tabani\.vscode\extensions\redhat.java-1.44.0-win32-x64\jre\21.0.8-win32-x86_64\bin\instrument.dll, loaded, initialized, instrumentlib options:none

dbghelp: loaded successfully - version: 4.0.5 - missing functions: none
symbol engine: initialized successfully - sym options: 0x614 - pdb path: .;c:\Users\Hamza tabani\.vscode\extensions\redhat.java-1.44.0-win32-x64\jre\21.0.8-win32-x86_64\bin;C:\Windows\SYSTEM32;C:\Windows\WinSxS\amd64_microsoft.windows.common-controls_6595b64144ccf1df_6.0.19041.5915_none_60b4b9d171f9c7c7;c:\Users\Hamza tabani\.vscode\extensions\redhat.java-1.44.0-win32-x64\jre\21.0.8-win32-x86_64\bin\server;C:\Users\Hamza tabani\AppData\Roaming\Code\User\globalStorage\redhat.java\1.44.0\config_win\org.eclipse.equinox.launcher\org.eclipse.equinox.launcher.win32.win32.x86_64_1.2.1400.v20250730-1736;C:\Users\Hamza tabani\AppData\Local\Temp\jna-84987212

VM Arguments:
jvm_args: --add-modules=ALL-SYSTEM --add-opens=java.base/java.util=ALL-UNNAMED --add-opens=java.base/java.lang=ALL-UNNAMED --add-opens=java.base/sun.nio.fs=ALL-UNNAMED -Declipse.application=org.eclipse.jdt.ls.core.id1 -Dosgi.bundles.defaultStartLevel=4 -Declipse.product=org.eclipse.jdt.ls.core.product -Djava.import.generatesMetadataFilesAtProjectRoot=false -DDetectVMInstallationsJob.disabled=true -Dfile.encoding=utf8 -XX:+UseParallelGC -XX:GCTimeRatio=4 -XX:AdaptiveSizePolicyWeight=90 -Dsun.zip.disableMemoryMapping=true -Xmx2G -Xms100m -Xlog:disable -javaagent:c:\Users\Hamza tabani\.vscode\extensions\redhat.java-1.44.0-win32-x64\lombok\lombok-1.18.39-4050.jar -XX:+HeapDumpOnOutOfMemoryError -XX:HeapDumpPath=c:\Users\Hamza tabani\AppData\Roaming\Code\User\workspaceStorage\18da3182a8b1a0c774ff9703d0fe969d\redhat.java -Daether.dependencyCollector.impl=bf 
java_command: c:\Users\Hamza tabani\.vscode\extensions\redhat.java-1.44.0-win32-x64\server\plugins\org.eclipse.equinox.launcher_1.7.0.v20250519-0528.jar -configuration c:\Users\Hamza tabani\AppData\Roaming\Code\User\globalStorage\redhat.java\1.44.0\config_win -data c:\Users\Hamza tabani\AppData\Roaming\Code\User\workspaceStorage\18da3182a8b1a0c774ff9703d0fe969d\redhat.java\jdt_ws --pipe=\\.\pipe\lsp-24e7251b8f30fd9f0bbe87e620bd8893-sock
java_class_path (initial): c:\Users\Hamza tabani\.vscode\extensions\redhat.java-1.44.0-win32-x64\server\plugins\org.eclipse.equinox.launcher_1.7.0.v20250519-0528.jar
Launcher Type: SUN_STANDARD

[Global flags]
    uintx AdaptiveSizePolicyWeight                 = 90                                        {product} {command line}
     intx CICompilerCount                          = 4                                         {product} {ergonomic}
    uintx GCTimeRatio                              = 4                                         {product} {command line}
     bool HeapDumpOnOutOfMemoryError               = true                                   {manageable} {command line}
    ccstr HeapDumpPath                             = c:\Users\Hamza tabani\AppData\Roaming\Code\User\workspaceStorage\18da3182a8b1a0c774ff9703d0fe969d\redhat.java         {manageable} {command line}
   size_t InitialHeapSize                          = 104857600                                 {product} {command line}
   size_t MaxHeapSize                              = 2147483648                                {product} {command line}
   size_t MaxNewSize                               = 715653120                                 {product} {ergonomic}
   size_t MinHeapDeltaBytes                        = 524288                                    {product} {ergonomic}
   size_t MinHeapSize                              = 104857600                                 {product} {command line}
   size_t NewSize                                  = 34603008                                  {product} {ergonomic}
    uintx NonNMethodCodeHeapSize                   = 5839372                                {pd product} {ergonomic}
    uintx NonProfiledCodeHeapSize                  = 122909434                              {pd product} {ergonomic}
   size_t OldSize                                  = 70254592                                  {product} {ergonomic}
    uintx ProfiledCodeHeapSize                     = 122909434                              {pd product} {ergonomic}
    uintx ReservedCodeCacheSize                    = 251658240                              {pd product} {ergonomic}
     bool SegmentedCodeCache                       = true                                      {product} {ergonomic}
   size_t SoftMaxHeapSize                          = 2147483648                             {manageable} {ergonomic}
     bool UseCompressedOops                        = true                           {product lp64_product} {ergonomic}
     bool UseLargePagesIndividualAllocation        = false                                  {pd product} {ergonomic}
     bool UseParallelGC                            = true                                      {product} {command line}

Logging:
Log output configuration:
 #0: stdout all=off uptime,level,tags foldmultilines=false
 #1: stderr all=off uptime,level,tags foldmultilines=false

Environment Variables:
JAVA_HOME=C:\Program Files\Java\jdk-17
PATH=C:\Program Files\Common Files\Oracle\Java\javapath;C:\Windows\system32;C:\Windows;C:\Windows\System32\Wbem;C:\Windows\System32\WindowsPowerShell\v1.0\;C:\Windows\System32\OpenSSH\;C:\ProgramData\chocolatey\bin;C:\Program Files\nodejs\;C:\Users\Hamza tabani\AppData\Local\Android\Sdk\platform-tools;C:\Program Files\OpenJDK\jdk-20.0.2\bin;C:\Program Files (x86)\ATI Technologies\ATI.ACE\Core-Static;C:\Program Files\MongoDB\mongosh-2.3.1-win32-x64\bin;C:\Program Files\dotnet\;C:\Program Files\Microsoft SQL Server\150\Tools\Binn\;C:\Program Files\Microsoft SQL Server\Client SDK\ODBC\170\Tools\Binn\;C:\Users\Hamza tabani\AppData\Local\Android\Sdk\tools;C:\Users\Hamza tabani\AppData\Local\Microsoft\WindowsApps;C:\Users\Hamza tabani\AppData\Local\Programs\Git\cmd;C:\Users\Hamza tabani\AppData\Roaming\npm;C:\Users\Hamza tabani\AppData\Local\Programs\Microsoft VS Code\bin
USERNAME=Hamza tabani
OS=Windows_NT
PROCESSOR_IDENTIFIER=Intel64 Family 6 Model 60 Stepping 3, GenuineIntel
TMP=C:\Users\HAMZAT~1\AppData\Local\Temp
TEMP=C:\Users\HAMZAT~1\AppData\Local\Temp




Periodic native trim disabled

---------------  S Y S T E M  ---------------

OS:
 Windows 10 , 64 bit Build 19041 (10.0.19041.5915)
OS uptime: 11 days 1:26 hours
Hyper-V role detected

CPU: total 8 (initial active 8) (4 cores per cpu, 2 threads per core) family 6 model 60 stepping 3 microcode 0x27, cx8, cmov, fxsr, ht, mmx, sse, sse2, sse3, ssse3, sse4.1, sse4.2, popcnt, lzcnt, tsc, tscinvbit, avx, avx2, erms, clmul, bmi1, bmi2, fma, vzeroupper, clflush, hv, rdtscp, f16c
Processor Information for the first 8 processors :
  Max Mhz: 3601, Current Mhz: 3601, Mhz Limit: 3601

Memory: 4k page, system-wide physical 16321M (2465M free)
TotalPageFile size 27073M (AvailPageFile size 5689M)
current process WorkingSet (physical memory assigned to process): 699M, peak: 713M
current process commit charge ("private bytes"): 650M, peak: 665M

vm_info: OpenJDK 64-Bit Server VM (21.0.8+9-LTS) for windows-amd64 JRE (21.0.8+9-LTS), built on 2025-07-15T00:00:00Z by "admin" with MS VC++ 17.7 (VS2022)

END.
